#
# There is insufficient memory for the Java Runtime Environment to continue.
# Native memory allocation (malloc) failed to allocate 1253136 bytes for Chunk::new
# Possible reasons:
#   The system is out of physical RAM or swap space
#   The process is running with CompressedOops enabled, and the Java Heap may be blocking the growth of the native heap
# Possible solutions:
#   Reduce memory load on the system
#   Increase physical memory or swap space
#   Check if swap backing store is full
#   Decrease Java heap size (-Xmx/-Xms)
#   Decrease number of Java threads
#   Decrease Java thread stack sizes (-Xss)
#   Set larger code cache with -XX:ReservedCodeCacheSize=
#   JVM is running with Zero Based Compressed Oops mode in which the Java heap is
#     placed in the first 32GB address space. The Java Heap base address is the
#     maximum limit for the native heap growth. Please use -XX:HeapBaseMinAddress
#     to set the Java Heap base and to place the Java Heap above 32GB virtual address.
# This output file may be truncated or incomplete.
#
#  Out of Memory Error (./src/hotspot/share/memory/arena.cpp:197), pid=7276, tid=17208
#
# JRE version: OpenJDK Runtime Environment (11.0.13) (build 11.0.13+0-b1751.21-8125866)
# Java VM: OpenJDK 64-Bit Server VM (11.0.13+0-b1751.21-8125866, mixed mode, tiered, compressed oops, g1 gc, windows-amd64)
# No core dump will be written. Minidumps are not enabled by default on client versions of Windows
#

---------------  S U M M A R Y ------------

Command Line: org.jetbrains.kotlin.cli.jvm.K2JVMCompiler @E:\desktop\MyMCQ\MyMCQ\MyMCQ\app\build\20221209_3017726669976527143.compiler.options

Host: Intel(R) Core(TM) i5-6200U CPU @ 2.30GHz, 4 cores, 11G,  Windows 10 , 64 bit Build 19041 (10.0.19041.2251)
Time: Fri Dec  9 02:35:03 2022 India Standard Time elapsed time: 2.968834 seconds (0d 0h 0m 2s)

---------------  T H R E A D  ---------------

Current thread (0x0000022ab74a9800):  JavaThread "C2 CompilerThread0" daemon [_thread_in_native, id=17208, stack(0x000000be0b700000,0x000000be0b800000)]


Current CompileTask:
C2:   2968 2156   !   4       java.net.URL::<init> (543 bytes)

Stack: [0x000000be0b700000,0x000000be0b800000]
Native frames: (J=compiled Java code, j=interpreted, Vv=VM code, C=native code)
V  [jvm.dll+0x6100fa]
V  [jvm.dll+0x747090]
V  [jvm.dll+0x7486ad]
V  [jvm.dll+0x748d83]
V  [jvm.dll+0x24ab48]
V  [jvm.dll+0xc04dc]
V  [jvm.dll+0xc0a0c]
V  [jvm.dll+0x35eb5b]
V  [jvm.dll+0x32b833]
V  [jvm.dll+0x32ad2a]
V  [jvm.dll+0x2032b2]
V  [jvm.dll+0x202437]
V  [jvm.dll+0x188e01]
V  [jvm.dll+0x21106b]
V  [jvm.dll+0x20f8c1]
V  [jvm.dll+0x70de0f]
V  [jvm.dll+0x706a75]
V  [jvm.dll+0x60ed66]
C  [ucrtbase.dll+0x21bb2]
C  [KERNEL32.DLL+0x174b4]
C  [ntdll.dll+0x526a1]


---------------  P R O C E S S  ---------------

Threads class SMR info:
_java_thread_list=0x0000022ab76202f0, length=11, elements={
0x0000022a98b7b800, 0x0000022ab6c2b000, 0x0000022ab6c2c000, 0x0000022ab745b800,
0x0000022ab745e000, 0x0000022ab745f000, 0x0000022ab74a9800, 0x0000022ab74ac800,
0x0000022ab74b5800, 0x0000022ab7628800, 0x0000022ab7622000
}

Java Threads: ( => current thread )
  0x0000022a98b7b800 JavaThread "main" [_thread_in_native, id=2496, stack(0x000000be0ab00000,0x000000be0ac00000)]
  0x0000022ab6c2b000 JavaThread "Reference Handler" daemon [_thread_blocked, id=8104, stack(0x000000be0b200000,0x000000be0b300000)]
  0x0000022ab6c2c000 JavaThread "Finalizer" daemon [_thread_blocked, id=3152, stack(0x000000be0b300000,0x000000be0b400000)]
  0x0000022ab745b800 JavaThread "Signal Dispatcher" daemon [_thread_blocked, id=1376, stack(0x000000be0b400000,0x000000be0b500000)]
  0x0000022ab745e000 JavaThread "Attach Listener" daemon [_thread_blocked, id=16172, stack(0x000000be0b500000,0x000000be0b600000)]
  0x0000022ab745f000 JavaThread "Service Thread" daemon [_thread_blocked, id=16160, stack(0x000000be0b600000,0x000000be0b700000)]
=>0x0000022ab74a9800 JavaThread "C2 CompilerThread0" daemon [_thread_in_native, id=17208, stack(0x000000be0b700000,0x000000be0b800000)]
  0x0000022ab74ac800 JavaThread "C1 CompilerThread0" daemon [_thread_blocked, id=11160, stack(0x000000be0b800000,0x000000be0b900000)]
  0x0000022ab74b5800 JavaThread "Sweeper thread" daemon [_thread_blocked, id=16988, stack(0x000000be0b900000,0x000000be0ba00000)]
  0x0000022ab7628800 JavaThread "Common-Cleaner" daemon [_thread_blocked, id=1780, stack(0x000000be0bb00000,0x000000be0bc00000)]
  0x0000022ab7622000 JavaThread "C2 CompilerThread1" daemon [_thread_in_native, id=3092, stack(0x000000be0bc00000,0x000000be0bd00000)]

Other Threads:
  0x0000022ab6c13800 VMThread "VM Thread" [stack: 0x000000be0b100000,0x000000be0b200000] [id=5476]
  0x0000022ab761f000 WatcherThread [stack: 0x000000be0ba00000,0x000000be0bb00000] [id=8772]
  0x0000022a98b94000 GCTaskThread "GC Thread#0" [stack: 0x000000be0ac00000,0x000000be0ad00000] [id=7344]
  0x0000022ab7c3b000 GCTaskThread "GC Thread#1" [stack: 0x000000be0bd00000,0x000000be0be00000] [id=18300]
  0x0000022ab7c46000 GCTaskThread "GC Thread#2" [stack: 0x000000be0be00000,0x000000be0bf00000] [id=8020]
  0x0000022ab7c46800 GCTaskThread "GC Thread#3" [stack: 0x000000be0bf00000,0x000000be0c000000] [id=652]
  0x0000022a98bd9000 ConcurrentGCThread "G1 Main Marker" [stack: 0x000000be0ad00000,0x000000be0ae00000] [id=12828]
  0x0000022a98bda000 ConcurrentGCThread "G1 Conc#0" [stack: 0x000000be0ae00000,0x000000be0af00000] [id=9636]
  0x0000022a98c5d800 ConcurrentGCThread "G1 Refine#0" [stack: 0x000000be0af00000,0x000000be0b000000] [id=5708]
  0x0000022ab6a7c800 ConcurrentGCThread "G1 Young RemSet Sampling" [stack: 0x000000be0b000000,0x000000be0b100000] [id=12196]

Threads with active compile tasks:
C2 CompilerThread0   3016 2156   !   4       java.net.URL::<init> (543 bytes)
C2 CompilerThread1   3016 2238       4       org.jetbrains.kotlin.com.intellij.openapi.vfs.impl.ZipEntryMap::isTheOne (139 bytes)

VM state:at safepoint (normal execution)

VM Mutex/Monitor currently owned by a thread:  ([mutex/lock_event])
[0x0000022a98b787b0] Threads_lock - owner thread: 0x0000022ab6c13800
[0x0000022a98b78450] Heap_lock - owner thread: 0x0000022a98b7b800

Heap address: 0x0000000742200000, size: 3038 MB, Compressed Oops mode: Zero based, Oop shift amount: 3
Narrow klass base: 0x0000000800000000, Narrow klass shift: 0
Compressed class space size: 1073741824 Address: 0x0000000800000000

Heap:
 garbage-first heap   total 194560K, used 55215K [0x0000000742200000, 0x0000000800000000)
  region size 1024K, 40 young (40960K), 1 survivors (1024K)
 Metaspace       used 32281K, capacity 32793K, committed 32944K, reserved 1079296K
  class space    used 3852K, capacity 4037K, committed 4096K, reserved 1048576K
Heap Regions: E=young(eden), S=young(survivor), O=old, HS=humongous(starts), HC=humongous(continues), CS=collection set, F=free, A=archive, TAMS=top-at-mark-start (previous, next)
|   0|0x0000000742200000, 0x0000000742300000, 0x0000000742300000|100%|HS|  |TAMS 0x0000000742300000, 0x0000000742200000| Complete 
|   1|0x0000000742300000, 0x0000000742400000, 0x0000000742400000|100%|HC|  |TAMS 0x0000000742400000, 0x0000000742300000| Complete 
|   2|0x0000000742400000, 0x0000000742500000, 0x0000000742500000|100%|HC|  |TAMS 0x0000000742500000, 0x0000000742400000| Complete 
|   3|0x0000000742500000, 0x0000000742600000, 0x0000000742600000|100%|HC|  |TAMS 0x0000000742600000, 0x0000000742500000| Complete 
|   4|0x0000000742600000, 0x0000000742600000, 0x0000000742700000|  0%| F|  |TAMS 0x0000000742600000, 0x0000000742600000| Untracked 
|   5|0x0000000742700000, 0x0000000742785d68, 0x0000000742800000| 52%| O|  |TAMS 0x0000000742770200, 0x0000000742700000| Untracked 
|   6|0x0000000742800000, 0x0000000742900000, 0x0000000742900000|100%|HS|  |TAMS 0x0000000742800000, 0x0000000742800000| Complete 
|   7|0x0000000742900000, 0x0000000742a00000, 0x0000000742a00000|100%|HC|  |TAMS 0x0000000742900000, 0x0000000742900000| Complete 
|   8|0x0000000742a00000, 0x0000000742b00000, 0x0000000742b00000|100%|HC|  |TAMS 0x0000000742a00000, 0x0000000742a00000| Complete 
|   9|0x0000000742b00000, 0x0000000742c00000, 0x0000000742c00000|100%|HC|  |TAMS 0x0000000742b00000, 0x0000000742b00000| Complete 
|  10|0x0000000742c00000, 0x0000000742c00000, 0x0000000742d00000|  0%| F|  |TAMS 0x0000000742c00000, 0x0000000742c00000| Untracked 
|  11|0x0000000742d00000, 0x0000000742d00000, 0x0000000742e00000|  0%| F|  |TAMS 0x0000000742d00000, 0x0000000742d00000| Untracked 
|  12|0x0000000742e00000, 0x0000000742e00000, 0x0000000742f00000|  0%| F|  |TAMS 0x0000000742e00000, 0x0000000742e00000| Untracked 
|  13|0x0000000742f00000, 0x0000000742f00000, 0x0000000743000000|  0%| F|  |TAMS 0x0000000742f00000, 0x0000000742f00000| Untracked 
|  14|0x0000000743000000, 0x0000000743000000, 0x0000000743100000|  0%| F|  |TAMS 0x0000000743000000, 0x0000000743000000| Untracked 
|  15|0x0000000743100000, 0x0000000743100000, 0x0000000743200000|  0%| F|  |TAMS 0x0000000743100000, 0x0000000743100000| Untracked 
|  16|0x0000000743200000, 0x0000000743200000, 0x0000000743300000|  0%| F|  |TAMS 0x0000000743200000, 0x0000000743200000| Untracked 
|  17|0x0000000743300000, 0x0000000743300000, 0x0000000743400000|  0%| F|  |TAMS 0x0000000743300000, 0x0000000743300000| Untracked 
|  18|0x0000000743400000, 0x0000000743400000, 0x0000000743500000|  0%| F|  |TAMS 0x0000000743400000, 0x0000000743400000| Untracked 
|  19|0x0000000743500000, 0x0000000743500000, 0x0000000743600000|  0%| F|  |TAMS 0x0000000743500000, 0x0000000743500000| Untracked 
|  20|0x0000000743600000, 0x0000000743600000, 0x0000000743700000|  0%| F|  |TAMS 0x0000000743600000, 0x0000000743600000| Untracked 
|  21|0x0000000743700000, 0x0000000743700000, 0x0000000743800000|  0%| F|  |TAMS 0x0000000743700000, 0x0000000743700000| Untracked 
|  22|0x0000000743800000, 0x0000000743800000, 0x0000000743900000|  0%| F|  |TAMS 0x0000000743800000, 0x0000000743800000| Untracked 
|  23|0x0000000743900000, 0x0000000743900000, 0x0000000743a00000|  0%| F|  |TAMS 0x0000000743900000, 0x0000000743900000| Untracked 
|  24|0x0000000743a00000, 0x0000000743a00000, 0x0000000743b00000|  0%| F|  |TAMS 0x0000000743a00000, 0x0000000743a00000| Untracked 
|  25|0x0000000743b00000, 0x0000000743b00000, 0x0000000743c00000|  0%| F|  |TAMS 0x0000000743b00000, 0x0000000743b00000| Untracked 
|  26|0x0000000743c00000, 0x0000000743c00000, 0x0000000743d00000|  0%| F|  |TAMS 0x0000000743c00000, 0x0000000743c00000| Untracked 
|  27|0x0000000743d00000, 0x0000000743d00000, 0x0000000743e00000|  0%| F|  |TAMS 0x0000000743d00000, 0x0000000743d00000| Untracked 
|  28|0x0000000743e00000, 0x0000000743e00000, 0x0000000743f00000|  0%| F|  |TAMS 0x0000000743e00000, 0x0000000743e00000| Untracked 
|  29|0x0000000743f00000, 0x0000000743f00000, 0x0000000744000000|  0%| F|  |TAMS 0x0000000743f00000, 0x0000000743f00000| Untracked 
|  30|0x0000000744000000, 0x0000000744000000, 0x0000000744100000|  0%| F|  |TAMS 0x0000000744000000, 0x0000000744000000| Untracked 
|  31|0x0000000744100000, 0x0000000744100000, 0x0000000744200000|  0%| F|  |TAMS 0x0000000744100000, 0x0000000744100000| Untracked 
|  32|0x0000000744200000, 0x0000000744200000, 0x0000000744300000|  0%| F|  |TAMS 0x0000000744200000, 0x0000000744200000| Untracked 
|  33|0x0000000744300000, 0x0000000744300000, 0x0000000744400000|  0%| F|  |TAMS 0x0000000744300000, 0x0000000744300000| Untracked 
|  34|0x0000000744400000, 0x0000000744400000, 0x0000000744500000|  0%| F|  |TAMS 0x0000000744400000, 0x0000000744400000| Untracked 
|  35|0x0000000744500000, 0x0000000744500000, 0x0000000744600000|  0%| F|  |TAMS 0x0000000744500000, 0x0000000744500000| Untracked 
|  36|0x0000000744600000, 0x0000000744600000, 0x0000000744700000|  0%| F|  |TAMS 0x0000000744600000, 0x0000000744600000| Untracked 
|  37|0x0000000744700000, 0x0000000744700000, 0x0000000744800000|  0%| F|  |TAMS 0x0000000744700000, 0x0000000744700000| Untracked 
|  38|0x0000000744800000, 0x0000000744800000, 0x0000000744900000|  0%| F|  |TAMS 0x0000000744800000, 0x0000000744800000| Untracked 
|  39|0x0000000744900000, 0x0000000744900000, 0x0000000744a00000|  0%| F|  |TAMS 0x0000000744900000, 0x0000000744900000| Untracked 
|  40|0x0000000744a00000, 0x0000000744a00000, 0x0000000744b00000|  0%| F|  |TAMS 0x0000000744a00000, 0x0000000744a00000| Untracked 
|  41|0x0000000744b00000, 0x0000000744b00000, 0x0000000744c00000|  0%| F|  |TAMS 0x0000000744b00000, 0x0000000744b00000| Untracked 
|  42|0x0000000744c00000, 0x0000000744c00000, 0x0000000744d00000|  0%| F|  |TAMS 0x0000000744c00000, 0x0000000744c00000| Untracked 
|  43|0x0000000744d00000, 0x0000000744d00000, 0x0000000744e00000|  0%| F|  |TAMS 0x0000000744d00000, 0x0000000744d00000| Untracked 
|  44|0x0000000744e00000, 0x0000000744e00000, 0x0000000744f00000|  0%| F|  |TAMS 0x0000000744e00000, 0x0000000744e00000| Untracked 
|  45|0x0000000744f00000, 0x0000000744f00000, 0x0000000745000000|  0%| F|  |TAMS 0x0000000744f00000, 0x0000000744f00000| Untracked 
|  46|0x0000000745000000, 0x0000000745000000, 0x0000000745100000|  0%| F|  |TAMS 0x0000000745000000, 0x0000000745000000| Untracked 
|  47|0x0000000745100000, 0x0000000745100000, 0x0000000745200000|  0%| F|  |TAMS 0x0000000745100000, 0x0000000745100000| Untracked 
|  48|0x0000000745200000, 0x0000000745200000, 0x0000000745300000|  0%| F|  |TAMS 0x0000000745200000, 0x0000000745200000| Untracked 
|  49|0x0000000745300000, 0x0000000745300000, 0x0000000745400000|  0%| F|  |TAMS 0x0000000745300000, 0x0000000745300000| Untracked 
|  50|0x0000000745400000, 0x0000000745400000, 0x0000000745500000|  0%| F|  |TAMS 0x0000000745400000, 0x0000000745400000| Untracked 
|  51|0x0000000745500000, 0x0000000745500000, 0x0000000745600000|  0%| F|  |TAMS 0x0000000745500000, 0x0000000745500000| Untracked 
|  52|0x0000000745600000, 0x0000000745600000, 0x0000000745700000|  0%| F|  |TAMS 0x0000000745600000, 0x0000000745600000| Untracked 
|  53|0x0000000745700000, 0x0000000745700000, 0x0000000745800000|  0%| F|  |TAMS 0x0000000745700000, 0x0000000745700000| Untracked 
|  54|0x0000000745800000, 0x0000000745800000, 0x0000000745900000|  0%| F|  |TAMS 0x0000000745800000, 0x0000000745800000| Untracked 
|  55|0x0000000745900000, 0x0000000745900000, 0x0000000745a00000|  0%| F|  |TAMS 0x0000000745900000, 0x0000000745900000| Untracked 
|  56|0x0000000745a00000, 0x0000000745a00000, 0x0000000745b00000|  0%| F|  |TAMS 0x0000000745a00000, 0x0000000745a00000| Untracked 
|  57|0x0000000745b00000, 0x0000000745b00000, 0x0000000745c00000|  0%| F|  |TAMS 0x0000000745b00000, 0x0000000745b00000| Untracked 
|  58|0x0000000745c00000, 0x0000000745c00000, 0x0000000745d00000|  0%| F|  |TAMS 0x0000000745c00000, 0x0000000745c00000| Untracked 
|  59|0x0000000745d00000, 0x0000000745d00000, 0x0000000745e00000|  0%| F|  |TAMS 0x0000000745d00000, 0x0000000745d00000| Untracked 
|  60|0x0000000745e00000, 0x0000000745e00000, 0x0000000745f00000|  0%| F|  |TAMS 0x0000000745e00000, 0x0000000745e00000| Untracked 
|  61|0x0000000745f00000, 0x0000000745f00000, 0x0000000746000000|  0%| F|  |TAMS 0x0000000745f00000, 0x0000000745f00000| Untracked 
|  62|0x0000000746000000, 0x0000000746000000, 0x0000000746100000|  0%| F|  |TAMS 0x0000000746000000, 0x0000000746000000| Untracked 
|  63|0x0000000746100000, 0x0000000746100000, 0x0000000746200000|  0%| F|  |TAMS 0x0000000746100000, 0x0000000746100000| Untracked 
|  64|0x0000000746200000, 0x0000000746200000, 0x0000000746300000|  0%| F|  |TAMS 0x0000000746200000, 0x0000000746200000| Untracked 
|  65|0x0000000746300000, 0x0000000746300000, 0x0000000746400000|  0%| F|  |TAMS 0x0000000746300000, 0x0000000746300000| Untracked 
|  66|0x0000000746400000, 0x0000000746400000, 0x0000000746500000|  0%| F|  |TAMS 0x0000000746400000, 0x0000000746400000| Untracked 
|  67|0x0000000746500000, 0x0000000746500000, 0x0000000746600000|  0%| F|  |TAMS 0x0000000746500000, 0x0000000746500000| Untracked 
|  68|0x0000000746600000, 0x0000000746600000, 0x0000000746700000|  0%| F|  |TAMS 0x0000000746600000, 0x0000000746600000| Untracked 
|  69|0x0000000746700000, 0x0000000746700000, 0x0000000746800000|  0%| F|  |TAMS 0x0000000746700000, 0x0000000746700000| Untracked 
|  70|0x0000000746800000, 0x0000000746800000, 0x0000000746900000|  0%| F|  |TAMS 0x0000000746800000, 0x0000000746800000| Untracked 
|  71|0x0000000746900000, 0x0000000746900000, 0x0000000746a00000|  0%| F|  |TAMS 0x0000000746900000, 0x0000000746900000| Untracked 
|  72|0x0000000746a00000, 0x0000000746a00000, 0x0000000746b00000|  0%| F|  |TAMS 0x0000000746a00000, 0x0000000746a00000| Untracked 
|  73|0x0000000746b00000, 0x0000000746b00000, 0x0000000746c00000|  0%| F|  |TAMS 0x0000000746b00000, 0x0000000746b00000| Untracked 
|  74|0x0000000746c00000, 0x0000000746c00000, 0x0000000746d00000|  0%| F|  |TAMS 0x0000000746c00000, 0x0000000746c00000| Untracked 
|  75|0x0000000746d00000, 0x0000000746d00000, 0x0000000746e00000|  0%| F|  |TAMS 0x0000000746d00000, 0x0000000746d00000| Untracked 
|  76|0x0000000746e00000, 0x0000000746e00000, 0x0000000746f00000|  0%| F|  |TAMS 0x0000000746e00000, 0x0000000746e00000| Untracked 
|  77|0x0000000746f00000, 0x0000000746f00000, 0x0000000747000000|  0%| F|  |TAMS 0x0000000746f00000, 0x0000000746f00000| Untracked 
|  78|0x0000000747000000, 0x0000000747000000, 0x0000000747100000|  0%| F|  |TAMS 0x0000000747000000, 0x0000000747000000| Untracked 
|  79|0x0000000747100000, 0x0000000747100000, 0x0000000747200000|  0%| F|  |TAMS 0x0000000747100000, 0x0000000747100000| Untracked 
|  80|0x0000000747200000, 0x0000000747200000, 0x0000000747300000|  0%| F|  |TAMS 0x0000000747200000, 0x0000000747200000| Untracked 
|  81|0x0000000747300000, 0x0000000747300000, 0x0000000747400000|  0%| F|  |TAMS 0x0000000747300000, 0x0000000747300000| Untracked 
|  82|0x0000000747400000, 0x0000000747400000, 0x0000000747500000|  0%| F|  |TAMS 0x0000000747400000, 0x0000000747400000| Untracked 
|  83|0x0000000747500000, 0x0000000747500000, 0x0000000747600000|  0%| F|  |TAMS 0x0000000747500000, 0x0000000747500000| Untracked 
|  84|0x0000000747600000, 0x0000000747600000, 0x0000000747700000|  0%| F|  |TAMS 0x0000000747600000, 0x0000000747600000| Untracked 
|  85|0x0000000747700000, 0x0000000747700000, 0x0000000747800000|  0%| F|  |TAMS 0x0000000747700000, 0x0000000747700000| Untracked 
|  86|0x0000000747800000, 0x0000000747800000, 0x0000000747900000|  0%| F|  |TAMS 0x0000000747800000, 0x0000000747800000| Untracked 
|  87|0x0000000747900000, 0x0000000747900000, 0x0000000747a00000|  0%| F|  |TAMS 0x0000000747900000, 0x0000000747900000| Untracked 
|  88|0x0000000747a00000, 0x0000000747a00000, 0x0000000747b00000|  0%| F|  |TAMS 0x0000000747a00000, 0x0000000747a00000| Untracked 
|  89|0x0000000747b00000, 0x0000000747b00000, 0x0000000747c00000|  0%| F|  |TAMS 0x0000000747b00000, 0x0000000747b00000| Untracked 
|  90|0x0000000747c00000, 0x0000000747c00000, 0x0000000747d00000|  0%| F|  |TAMS 0x0000000747c00000, 0x0000000747c00000| Untracked 
|  91|0x0000000747d00000, 0x0000000747d00000, 0x0000000747e00000|  0%| F|  |TAMS 0x0000000747d00000, 0x0000000747d00000| Untracked 
|  92|0x0000000747e00000, 0x0000000747e00000, 0x0000000747f00000|  0%| F|  |TAMS 0x0000000747e00000, 0x0000000747e00000| Untracked 
|  93|0x0000000747f00000, 0x0000000747f00000, 0x0000000748000000|  0%| F|  |TAMS 0x0000000747f00000, 0x0000000747f00000| Untracked 
|  94|0x0000000748000000, 0x0000000748000000, 0x0000000748100000|  0%| F|  |TAMS 0x0000000748000000, 0x0000000748000000| Untracked 
|  95|0x0000000748100000, 0x0000000748100000, 0x0000000748200000|  0%| F|  |TAMS 0x0000000748100000, 0x0000000748100000| Untracked 
|  96|0x0000000748200000, 0x0000000748200000, 0x0000000748300000|  0%| F|  |TAMS 0x0000000748200000, 0x0000000748200000| Untracked 
|  97|0x0000000748300000, 0x0000000748300000, 0x0000000748400000|  0%| F|  |TAMS 0x0000000748300000, 0x0000000748300000| Untracked 
|  98|0x0000000748400000, 0x0000000748400000, 0x0000000748500000|  0%| F|  |TAMS 0x0000000748400000, 0x0000000748400000| Untracked 
|  99|0x0000000748500000, 0x0000000748500000, 0x0000000748600000|  0%| F|  |TAMS 0x0000000748500000, 0x0000000748500000| Untracked 
| 100|0x0000000748600000, 0x0000000748600000, 0x0000000748700000|  0%| F|  |TAMS 0x0000000748600000, 0x0000000748600000| Untracked 
| 101|0x0000000748700000, 0x0000000748700000, 0x0000000748800000|  0%| F|  |TAMS 0x0000000748700000, 0x0000000748700000| Untracked 
| 102|0x0000000748800000, 0x0000000748800000, 0x0000000748900000|  0%| F|  |TAMS 0x0000000748800000, 0x0000000748800000| Untracked 
| 103|0x0000000748900000, 0x0000000748900000, 0x0000000748a00000|  0%| F|  |TAMS 0x0000000748900000, 0x0000000748900000| Untracked 
| 104|0x0000000748a00000, 0x0000000748a00000, 0x0000000748b00000|  0%| F|  |TAMS 0x0000000748a00000, 0x0000000748a00000| Untracked 
| 105|0x0000000748b00000, 0x0000000748b00000, 0x0000000748c00000|  0%| F|  |TAMS 0x0000000748b00000, 0x0000000748b00000| Untracked 
| 106|0x0000000748c00000, 0x0000000748c00000, 0x0000000748d00000|  0%| F|  |TAMS 0x0000000748c00000, 0x0000000748c00000| Untracked 
| 107|0x0000000748d00000, 0x0000000748d00000, 0x0000000748e00000|  0%| F|  |TAMS 0x0000000748d00000, 0x0000000748d00000| Untracked 
| 108|0x0000000748e00000, 0x0000000748e00000, 0x0000000748f00000|  0%| F|  |TAMS 0x0000000748e00000, 0x0000000748e00000| Untracked 
| 109|0x0000000748f00000, 0x0000000748f00000, 0x0000000749000000|  0%| F|  |TAMS 0x0000000748f00000, 0x0000000748f00000| Untracked 
| 110|0x0000000749000000, 0x0000000749000000, 0x0000000749100000|  0%| F|  |TAMS 0x0000000749000000, 0x0000000749000000| Untracked 
| 111|0x0000000749100000, 0x0000000749100000, 0x0000000749200000|  0%| F|  |TAMS 0x0000000749100000, 0x0000000749100000| Untracked 
| 112|0x0000000749200000, 0x0000000749200000, 0x0000000749300000|  0%| F|  |TAMS 0x0000000749200000, 0x0000000749200000| Untracked 
| 113|0x0000000749300000, 0x0000000749300000, 0x0000000749400000|  0%| F|  |TAMS 0x0000000749300000, 0x0000000749300000| Untracked 
| 114|0x0000000749400000, 0x0000000749400000, 0x0000000749500000|  0%| F|  |TAMS 0x0000000749400000, 0x0000000749400000| Untracked 
| 115|0x0000000749500000, 0x0000000749500000, 0x0000000749600000|  0%| F|  |TAMS 0x0000000749500000, 0x0000000749500000| Untracked 
| 116|0x0000000749600000, 0x0000000749600000, 0x0000000749700000|  0%| F|  |TAMS 0x0000000749600000, 0x0000000749600000| Untracked 
| 117|0x0000000749700000, 0x0000000749700000, 0x0000000749800000|  0%| F|  |TAMS 0x0000000749700000, 0x0000000749700000| Untracked 
| 118|0x0000000749800000, 0x0000000749800000, 0x0000000749900000|  0%| F|  |TAMS 0x0000000749800000, 0x0000000749800000| Untracked 
| 119|0x0000000749900000, 0x0000000749900000, 0x0000000749a00000|  0%| F|  |TAMS 0x0000000749900000, 0x0000000749900000| Untracked 
| 120|0x0000000749a00000, 0x0000000749a00000, 0x0000000749b00000|  0%| F|  |TAMS 0x0000000749a00000, 0x0000000749a00000| Untracked 
| 121|0x0000000749b00000, 0x0000000749b00000, 0x0000000749c00000|  0%| F|  |TAMS 0x0000000749b00000, 0x0000000749b00000| Untracked 
| 122|0x0000000749c00000, 0x0000000749c00000, 0x0000000749d00000|  0%| F|  |TAMS 0x0000000749c00000, 0x0000000749c00000| Untracked 
| 123|0x0000000749d00000, 0x0000000749d00000, 0x0000000749e00000|  0%| F|  |TAMS 0x0000000749d00000, 0x0000000749d00000| Untracked 
| 124|0x0000000749e00000, 0x0000000749e00000, 0x0000000749f00000|  0%| F|  |TAMS 0x0000000749e00000, 0x0000000749e00000| Untracked 
| 125|0x0000000749f00000, 0x0000000749f00000, 0x000000074a000000|  0%| F|  |TAMS 0x0000000749f00000, 0x0000000749f00000| Untracked 
| 126|0x000000074a000000, 0x000000074a000000, 0x000000074a100000|  0%| F|  |TAMS 0x000000074a000000, 0x000000074a000000| Untracked 
| 127|0x000000074a100000, 0x000000074a100000, 0x000000074a200000|  0%| F|  |TAMS 0x000000074a100000, 0x000000074a100000| Untracked 
| 128|0x000000074a200000, 0x000000074a200000, 0x000000074a300000|  0%| F|  |TAMS 0x000000074a200000, 0x000000074a200000| Untracked 
| 129|0x000000074a300000, 0x000000074a300000, 0x000000074a400000|  0%| F|  |TAMS 0x000000074a300000, 0x000000074a300000| Untracked 
| 130|0x000000074a400000, 0x000000074a400000, 0x000000074a500000|  0%| F|  |TAMS 0x000000074a400000, 0x000000074a400000| Untracked 
| 131|0x000000074a500000, 0x000000074a500000, 0x000000074a600000|  0%| F|  |TAMS 0x000000074a500000, 0x000000074a500000| Untracked 
| 132|0x000000074a600000, 0x000000074a600000, 0x000000074a700000|  0%| F|  |TAMS 0x000000074a600000, 0x000000074a600000| Untracked 
| 133|0x000000074a700000, 0x000000074a700000, 0x000000074a800000|  0%| F|  |TAMS 0x000000074a700000, 0x000000074a700000| Untracked 
| 134|0x000000074a800000, 0x000000074a800000, 0x000000074a900000|  0%| F|  |TAMS 0x000000074a800000, 0x000000074a800000| Untracked 
| 135|0x000000074a900000, 0x000000074a97ba50, 0x000000074aa00000| 48%| E|CS|TAMS 0x000000074a900000, 0x000000074a900000| Complete 
| 136|0x000000074aa00000, 0x000000074ab00000, 0x000000074ab00000|100%| E|CS|TAMS 0x000000074aa00000, 0x000000074aa00000| Complete 
| 137|0x000000074ab00000, 0x000000074ac00000, 0x000000074ac00000|100%| E|CS|TAMS 0x000000074ab00000, 0x000000074ab00000| Complete 
| 138|0x000000074ac00000, 0x000000074ad00000, 0x000000074ad00000|100%| E|CS|TAMS 0x000000074ac00000, 0x000000074ac00000| Complete 
| 139|0x000000074ad00000, 0x000000074ae00000, 0x000000074ae00000|100%| E|CS|TAMS 0x000000074ad00000, 0x000000074ad00000| Complete 
| 140|0x000000074ae00000, 0x000000074af00000, 0x000000074af00000|100%| E|CS|TAMS 0x000000074ae00000, 0x000000074ae00000| Complete 
| 141|0x000000074af00000, 0x000000074b000000, 0x000000074b000000|100%| E|CS|TAMS 0x000000074af00000, 0x000000074af00000| Complete 
| 142|0x000000074b000000, 0x000000074b000000, 0x000000074b100000|  0%| F|  |TAMS 0x000000074b000000, 0x000000074b000000| Untracked 
| 143|0x000000074b100000, 0x000000074b100000, 0x000000074b200000|  0%| F|  |TAMS 0x000000074b100000, 0x000000074b100000| Untracked 
| 144|0x000000074b200000, 0x000000074b200000, 0x000000074b300000|  0%| F|  |TAMS 0x000000074b200000, 0x000000074b200000| Untracked 
| 145|0x000000074b300000, 0x000000074b300000, 0x000000074b400000|  0%| F|  |TAMS 0x000000074b300000, 0x000000074b300000| Untracked 
| 146|0x000000074b400000, 0x000000074b400000, 0x000000074b500000|  0%| F|  |TAMS 0x000000074b400000, 0x000000074b400000| Untracked 
| 147|0x000000074b500000, 0x000000074b500000, 0x000000074b600000|  0%| F|  |TAMS 0x000000074b500000, 0x000000074b500000| Untracked 
| 148|0x000000074b600000, 0x000000074b600000, 0x000000074b700000|  0%| F|  |TAMS 0x000000074b600000, 0x000000074b600000| Untracked 
| 149|0x000000074b700000, 0x000000074b800000, 0x000000074b800000|100%| S|  |TAMS 0x000000074b700000, 0x000000074b700000| Complete 
| 150|0x000000074b800000, 0x000000074b900000, 0x000000074b900000|100%| S|  |TAMS 0x000000074b800000, 0x000000074b800000| Complete 
| 151|0x000000074b900000, 0x000000074ba00000, 0x000000074ba00000|100%| E|CS|TAMS 0x000000074b900000, 0x000000074b900000| Complete 
| 152|0x000000074ba00000, 0x000000074bb00000, 0x000000074bb00000|100%| E|CS|TAMS 0x000000074ba00000, 0x000000074ba00000| Complete 
| 153|0x000000074bb00000, 0x000000074bc00000, 0x000000074bc00000|100%| E|CS|TAMS 0x000000074bb00000, 0x000000074bb00000| Complete 
| 154|0x000000074bc00000, 0x000000074bd00000, 0x000000074bd00000|100%| E|CS|TAMS 0x000000074bc00000, 0x000000074bc00000| Complete 
| 155|0x000000074bd00000, 0x000000074be00000, 0x000000074be00000|100%| E|CS|TAMS 0x000000074bd00000, 0x000000074bd00000| Complete 
| 156|0x000000074be00000, 0x000000074bf00000, 0x000000074bf00000|100%| E|CS|TAMS 0x000000074be00000, 0x000000074be00000| Complete 
| 157|0x000000074bf00000, 0x000000074c000000, 0x000000074c000000|100%| E|CS|TAMS 0x000000074bf00000, 0x000000074bf00000| Complete 
| 158|0x000000074c000000, 0x000000074c100000, 0x000000074c100000|100%| E|CS|TAMS 0x000000074c000000, 0x000000074c000000| Complete 
| 159|0x000000074c100000, 0x000000074c200000, 0x000000074c200000|100%| E|CS|TAMS 0x000000074c100000, 0x000000074c100000| Complete 
| 160|0x000000074c200000, 0x000000074c300000, 0x000000074c300000|100%| E|CS|TAMS 0x000000074c200000, 0x000000074c200000| Complete 
| 161|0x000000074c300000, 0x000000074c400000, 0x000000074c400000|100%| E|CS|TAMS 0x000000074c300000, 0x000000074c300000| Complete 
| 162|0x000000074c400000, 0x000000074c500000, 0x000000074c500000|100%| E|CS|TAMS 0x000000074c400000, 0x000000074c400000| Complete 
| 163|0x000000074c500000, 0x000000074c600000, 0x000000074c600000|100%| E|CS|TAMS 0x000000074c500000, 0x000000074c500000| Complete 
| 164|0x000000074c600000, 0x000000074c700000, 0x000000074c700000|100%| E|CS|TAMS 0x000000074c600000, 0x000000074c600000| Complete 
| 165|0x000000074c700000, 0x000000074c800000, 0x000000074c800000|100%| E|CS|TAMS 0x000000074c700000, 0x000000074c700000| Complete 
| 166|0x000000074c800000, 0x000000074c900000, 0x000000074c900000|100%| E|CS|TAMS 0x000000074c800000, 0x000000074c800000| Complete 
| 167|0x000000074c900000, 0x000000074ca00000, 0x000000074ca00000|100%| E|CS|TAMS 0x000000074c900000, 0x000000074c900000| Complete 
| 168|0x000000074ca00000, 0x000000074cb00000, 0x000000074cb00000|100%| E|CS|TAMS 0x000000074ca00000, 0x000000074ca00000| Complete 
| 169|0x000000074cb00000, 0x000000074cc00000, 0x000000074cc00000|100%| E|CS|TAMS 0x000000074cb00000, 0x000000074cb00000| Complete 
| 170|0x000000074cc00000, 0x000000074cd00000, 0x000000074cd00000|100%| E|CS|TAMS 0x000000074cc00000, 0x000000074cc00000| Complete 
| 171|0x000000074cd00000, 0x000000074ce00000, 0x000000074ce00000|100%| E|CS|TAMS 0x000000074cd00000, 0x000000074cd00000| Complete 
| 172|0x000000074ce00000, 0x000000074cf00000, 0x000000074cf00000|100%| E|CS|TAMS 0x000000074ce00000, 0x000000074ce00000| Complete 
| 173|0x000000074cf00000, 0x000000074d000000, 0x000000074d000000|100%| E|CS|TAMS 0x000000074cf00000, 0x000000074cf00000| Complete 
| 174|0x000000074d000000, 0x000000074d100000, 0x000000074d100000|100%| E|CS|TAMS 0x000000074d000000, 0x000000074d000000| Complete 
| 175|0x000000074d100000, 0x000000074d200000, 0x000000074d200000|100%| E|CS|TAMS 0x000000074d100000, 0x000000074d100000| Complete 
| 176|0x000000074d200000, 0x000000074d300000, 0x000000074d300000|100%| E|CS|TAMS 0x000000074d200000, 0x000000074d200000| Complete 
| 177|0x000000074d300000, 0x000000074d400000, 0x000000074d400000|100%| E|CS|TAMS 0x000000074d300000, 0x000000074d300000| Complete 
| 178|0x000000074d400000, 0x000000074d500000, 0x000000074d500000|100%| E|CS|TAMS 0x000000074d400000, 0x000000074d400000| Complete 
| 179|0x000000074d500000, 0x000000074d600000, 0x000000074d600000|100%| E|CS|TAMS 0x000000074d500000, 0x000000074d500000| Complete 
| 180|0x000000074d600000, 0x000000074d700000, 0x000000074d700000|100%| E|CS|TAMS 0x000000074d600000, 0x000000074d600000| Complete 
| 181|0x000000074d700000, 0x000000074d800000, 0x000000074d800000|100%| E|CS|TAMS 0x000000074d700000, 0x000000074d700000| Complete 
| 182|0x000000074d800000, 0x000000074d900000, 0x000000074d900000|100%| E|CS|TAMS 0x000000074d800000, 0x000000074d800000| Complete 
| 183|0x000000074d900000, 0x000000074da00000, 0x000000074da00000|100%| E|CS|TAMS 0x000000074d900000, 0x000000074d900000| Complete 
| 184|0x000000074da00000, 0x000000074db00000, 0x000000074db00000|100%| E|CS|TAMS 0x000000074da00000, 0x000000074da00000| Complete 
| 185|0x000000074db00000, 0x000000074dc00000, 0x000000074dc00000|100%| E|CS|TAMS 0x000000074db00000, 0x000000074db00000| Complete 
| 186|0x000000074dc00000, 0x000000074dd00000, 0x000000074dd00000|100%| E|CS|TAMS 0x000000074dc00000, 0x000000074dc00000| Complete 
| 187|0x000000074dd00000, 0x000000074de00000, 0x000000074de00000|100%| E|CS|TAMS 0x000000074dd00000, 0x000000074dd00000| Complete 
| 188|0x000000074de00000, 0x000000074df00000, 0x000000074df00000|100%| E|CS|TAMS 0x000000074de00000, 0x000000074de00000| Complete 
| 189|0x000000074df00000, 0x000000074e000000, 0x000000074e000000|100%| E|CS|TAMS 0x000000074df00000, 0x000000074df00000| Complete 

Card table byte_map: [0x0000022aadaa0000,0x0000022aae090000] _byte_map_base: 0x0000022aaa08f000

Marking Bits (Prev, Next): (CMBitMap*) 0x0000022a98bcc240, (CMBitMap*) 0x0000022a98bcc208
 Prev Bits: [0x0000022ab1600000, 0x0000022ab4578000)
 Next Bits: [0x0000022aae680000, 0x0000022ab15f8000)

Polling page: 0x0000022a98950000

Metaspace:

Usage:
  Non-class:     28.08 MB capacity,    27.76 MB ( 99%) used,   276.88 KB ( <1%) free+waste,    49.75 KB ( <1%) overhead. 
      Class:      3.94 MB capacity,     3.76 MB ( 95%) used,   160.63 KB (  4%) free+waste,    23.94 KB ( <1%) overhead. 
       Both:     32.02 MB capacity,    31.53 MB ( 98%) used,   437.51 KB (  1%) free+waste,    73.69 KB ( <1%) overhead. 

Virtual space:
  Non-class space:       30.00 MB reserved,      28.17 MB ( 94%) committed 
      Class space:        1.00 GB reserved,       4.00 MB ( <1%) committed 
             Both:        1.03 GB reserved,      32.17 MB (  3%) committed 

Chunk freelists:
   Non-Class:  28.00 KB
       Class:  27.00 KB
        Both:  55.00 KB

MaxMetaspaceSize: 17179869184.00 GB
CompressedClassSpaceSize: 1.00 GB
Initial GC threshold: 20.80 MB
Current GC threshold: 35.08 MB
CDS: off

CodeHeap 'non-profiled nmethods': size=120064Kb used=781Kb max_used=781Kb free=119282Kb
 bounds [0x0000022aa5950000, 0x0000022aa5bc0000, 0x0000022aace90000]
CodeHeap 'profiled nmethods': size=120000Kb used=4444Kb max_used=4444Kb free=115555Kb
 bounds [0x0000022a9e420000, 0x0000022a9e880000, 0x0000022aa5950000]
CodeHeap 'non-nmethods': size=5696Kb used=1254Kb max_used=1301Kb free=4441Kb
 bounds [0x0000022a9de90000, 0x0000022a9e100000, 0x0000022a9e420000]
 total_blobs=2765 nmethods=2236 adapters=441
 compilation: enabled
              stopped_count=0, restarted_count=0
 full_count=0

Compilation events (20 events):
Event: 2.953 Thread 0x0000022ab7622000 2227       4       java.util.zip.ZipUtils::get16 (21 bytes)
Event: 2.954 Thread 0x0000022ab7622000 nmethod 2227 0x0000022aa5a10890 code [0x0000022aa5a10a20, 0x0000022aa5a10ab8]
Event: 2.955 Thread 0x0000022ab7622000 2228       4       java.util.zip.ZipEntry::<init> (79 bytes)
Event: 2.958 Thread 0x0000022ab74ac800 nmethod 2224 0x0000022a9e86dc10 code [0x0000022a9e86e220, 0x0000022a9e872788]
Event: 2.958 Thread 0x0000022ab74ac800 2225       3       java.util.zip.ZipUtils::get32S (17 bytes)
Event: 2.959 Thread 0x0000022ab74ac800 nmethod 2225 0x0000022a9e873f90 code [0x0000022a9e874160, 0x0000022a9e8743b8]
Event: 2.959 Thread 0x0000022ab74ac800 2226       3       java.util.zip.ZipUtils::unixTimeToFileTime (8 bytes)
Event: 2.959 Thread 0x0000022ab7622000 nmethod 2228 0x0000022aa5a10b90 code [0x0000022aa5a10d20, 0x0000022aa5a10ed8]
Event: 2.959 Thread 0x0000022ab7622000 2229       4       java.lang.Byte::toUnsignedInt (6 bytes)
Event: 2.959 Thread 0x0000022ab74ac800 nmethod 2226 0x0000022a9e874510 code [0x0000022a9e8746e0, 0x0000022a9e874a38]
Event: 2.959 Thread 0x0000022ab7622000 nmethod 2229 0x0000022aa5a11010 code [0x0000022aa5a111a0, 0x0000022aa5a111f8]
Event: 2.960 Thread 0x0000022ab74ac800 2230       3       java.util.ArrayList::hashCodeRange (68 bytes)
Event: 2.961 Thread 0x0000022ab74ac800 nmethod 2230 0x0000022a9e874b90 code [0x0000022a9e874d80, 0x0000022a9e8751d8]
Event: 2.961 Thread 0x0000022ab74ac800 2231       1       java.util.AbstractMap$SimpleEntry::getValue (5 bytes)
Event: 2.961 Thread 0x0000022ab74ac800 nmethod 2231 0x0000022aa5a11310 code [0x0000022aa5a114c0, 0x0000022aa5a11578]
Event: 2.961 Thread 0x0000022ab74ac800 2232       1       java.util.AbstractMap$SimpleEntry::getKey (5 bytes)
Event: 2.961 Thread 0x0000022ab74ac800 nmethod 2232 0x0000022aa5a11610 code [0x0000022aa5a117c0, 0x0000022aa5a11878]
Event: 2.961 Thread 0x0000022ab74ac800 2233       1       org.jetbrains.kotlin.com.intellij.openapi.vfs.impl.jar.CoreJarVirtualFile::setChildren (6 bytes)
Event: 2.962 Thread 0x0000022ab74ac800 nmethod 2233 0x0000022aa5a11910 code [0x0000022aa5a11ac0, 0x0000022aa5a11bd8]
Event: 2.966 Thread 0x0000022ab74ac800 2234       3       java.util.zip.ZipUtils::LOCSIG (6 bytes)

GC Heap History (4 events):
Event: 0.601 GC heap before
{Heap before GC invocations=0 (full 0):
 garbage-first heap   total 194560K, used 18432K [0x0000000742200000, 0x0000000800000000)
  region size 1024K, 14 young (14336K), 0 survivors (0K)
 Metaspace       used 9728K, capacity 9839K, committed 10112K, reserved 1058816K
  class space    used 813K, capacity 852K, committed 896K, reserved 1048576K
}
Event: 0.604 GC heap after
{Heap after GC invocations=1 (full 0):
 garbage-first heap   total 194560K, used 6592K [0x0000000742200000, 0x0000000800000000)
  region size 1024K, 2 young (2048K), 2 survivors (2048K)
 Metaspace       used 9728K, capacity 9839K, committed 10112K, reserved 1058816K
  class space    used 813K, capacity 852K, committed 896K, reserved 1048576K
}
Event: 1.785 GC heap before
{Heap before GC invocations=1 (full 0):
 garbage-first heap   total 194560K, used 52672K [0x0000000742200000, 0x0000000800000000)
  region size 1024K, 48 young (49152K), 2 survivors (2048K)
 Metaspace       used 20935K, capacity 21164K, committed 21296K, reserved 1069056K
  class space    used 2261K, capacity 2376K, committed 2432K, reserved 1048576K
}
Event: 1.796 GC heap after
{Heap after GC invocations=2 (full 0):
 garbage-first heap   total 194560K, used 11183K [0x0000000742200000, 0x0000000800000000)
  region size 1024K, 7 young (7168K), 7 survivors (7168K)
 Metaspace       used 20935K, capacity 21164K, committed 21296K, reserved 1069056K
  class space    used 2261K, capacity 2376K, committed 2432K, reserved 1048576K
}

Deoptimization events (20 events):
Event: 2.813 Thread 0x0000022a98b7b800 Uncommon trap: trap_request=0xffffffde fr.pc=0x0000022aa59f5784 relative=0x0000000000000064
Event: 2.813 Thread 0x0000022a98b7b800 Uncommon trap: reason=class_check action=maybe_recompile pc=0x0000022aa59f5784 method=java.util.LinkedHashMap.afterNodeInsertion(Z)V @ 15 c2
Event: 2.813 Thread 0x0000022a98b7b800 DEOPT PACKING pc=0x0000022aa59f5784 sp=0x000000be0abfd9d0
Event: 2.813 Thread 0x0000022a98b7b800 DEOPT UNPACKING pc=0x0000022a9deda1af sp=0x000000be0abfd948 mode 2
Event: 2.813 Thread 0x0000022a98b7b800 Uncommon trap: trap_request=0xffffffde fr.pc=0x0000022aa59f5784 relative=0x0000000000000064
Event: 2.813 Thread 0x0000022a98b7b800 Uncommon trap: reason=class_check action=maybe_recompile pc=0x0000022aa59f5784 method=java.util.LinkedHashMap.afterNodeInsertion(Z)V @ 15 c2
Event: 2.813 Thread 0x0000022a98b7b800 DEOPT PACKING pc=0x0000022aa59f5784 sp=0x000000be0abfd9d0
Event: 2.813 Thread 0x0000022a98b7b800 DEOPT UNPACKING pc=0x0000022a9deda1af sp=0x000000be0abfd948 mode 2
Event: 2.865 Thread 0x0000022a98b7b800 Uncommon trap: trap_request=0xffffff4d fr.pc=0x0000022aa596d630 relative=0x00000000000009d0
Event: 2.865 Thread 0x0000022a98b7b800 Uncommon trap: reason=unstable_if action=reinterpret pc=0x0000022aa596d630 method=java.util.zip.ZipFile$Source.getEntryPos([BZ)I @ 156 c2
Event: 2.865 Thread 0x0000022a98b7b800 DEOPT PACKING pc=0x0000022aa596d630 sp=0x000000be0abfdcb0
Event: 2.866 Thread 0x0000022a98b7b800 DEOPT UNPACKING pc=0x0000022a9deda1af sp=0x000000be0abfdc50 mode 2
Event: 2.884 Thread 0x0000022a98b7b800 Uncommon trap: trap_request=0xffffffde fr.pc=0x0000022aa59f5784 relative=0x0000000000000064
Event: 2.884 Thread 0x0000022a98b7b800 Uncommon trap: reason=class_check action=maybe_recompile pc=0x0000022aa59f5784 method=java.util.LinkedHashMap.afterNodeInsertion(Z)V @ 15 c2
Event: 2.884 Thread 0x0000022a98b7b800 DEOPT PACKING pc=0x0000022aa59f5784 sp=0x000000be0abfd9d0
Event: 2.884 Thread 0x0000022a98b7b800 DEOPT UNPACKING pc=0x0000022a9deda1af sp=0x000000be0abfd948 mode 2
Event: 2.885 Thread 0x0000022a98b7b800 Uncommon trap: trap_request=0xffffffde fr.pc=0x0000022aa59f5784 relative=0x0000000000000064
Event: 2.885 Thread 0x0000022a98b7b800 Uncommon trap: reason=class_check action=maybe_recompile pc=0x0000022aa59f5784 method=java.util.LinkedHashMap.afterNodeInsertion(Z)V @ 15 c2
Event: 2.885 Thread 0x0000022a98b7b800 DEOPT PACKING pc=0x0000022aa59f5784 sp=0x000000be0abfd9d0
Event: 2.885 Thread 0x0000022a98b7b800 DEOPT UNPACKING pc=0x0000022a9deda1af sp=0x000000be0abfd948 mode 2

Classes redefined (0 events):
No events

Internal exceptions (20 events):
Event: 1.443 Thread 0x0000022a98b7b800 Exception <a 'java/lang/NoSuchMethodError'{0x000000074bcea218}: 'long java.lang.invoke.Invokers$Holder.invoke_MT(java.lang.Object, java.lang.Object, java.lang.Object, java.lang.Object)'> (0x000000074bcea218) thrown at [./src/hotspot/share/interpreter/linkResolver.cpp, line 773]
Event: 1.444 Thread 0x0000022a98b7b800 Exception <a 'java/lang/NoSuchMethodError'{0x000000074bced898}: 'long java.lang.invoke.DelegatingMethodHandle$Holder.reinvoke_L(java.lang.Object, java.lang.Object, java.lang.Object)'> (0x000000074bced898) thrown at [./src/hotspot/share/interpreter/linkResolver.cpp, line 773]
Event: 1.445 Thread 0x0000022a98b7b800 Exception <a 'java/lang/NoSuchMethodError'{0x000000074bcf7558}: 'int java.lang.invoke.DirectMethodHandle$Holder.invokeSpecial(java.lang.Object, java.lang.Object, java.lang.Object, java.lang.Object)'> (0x000000074bcf7558) thrown at [./src/hotspot/share/interpreter/linkResolver.cpp, line 773]
Event: 1.447 Thread 0x0000022a98b7b800 Exception <a 'java/lang/NoSuchMethodError'{0x000000074bb06ae0}: 'int java.lang.invoke.DelegatingMethodHandle$Holder.reinvoke_L(java.lang.Object, java.lang.Object, java.lang.Object, long, int)'> (0x000000074bb06ae0) thrown at [./src/hotspot/share/interpreter/linkResolver.cpp, line 773]
Event: 1.726 Thread 0x0000022a98b7b800 Exception <a 'java/lang/NoSuchMethodError'{0x000000074b2bd4f8}: 'int java.lang.invoke.DirectMethodHandle$Holder.invokeSpecialIFC(java.lang.Object, java.lang.Object, int)'> (0x000000074b2bd4f8) thrown at [./src/hotspot/share/interpreter/linkResolver.cpp, line 773]
Event: 1.855 Thread 0x0000022a98b7b800 Exception <a 'java/lang/NoSuchMethodError'{0x000000074ddcc010}: 'java.lang.Object java.lang.invoke.DirectMethodHandle$Holder.invokeStaticInit(java.lang.Object, int)'> (0x000000074ddcc010) thrown at [./src/hotspot/share/interpreter/linkResolver.cpp, line 773]
Event: 1.890 Thread 0x0000022a98b7b800 Exception <a 'java/lang/NoSuchMethodError'{0x000000074db9e3e8}: 'long java.lang.invoke.DirectMethodHandle$Holder.invokeStatic(java.lang.Object)'> (0x000000074db9e3e8) thrown at [./src/hotspot/share/interpreter/linkResolver.cpp, line 773]
Event: 1.890 Thread 0x0000022a98b7b800 Exception <a 'java/lang/NoSuchMethodError'{0x000000074dba1240}: 'long java.lang.invoke.DirectMethodHandle$Holder.invokeStaticInit(java.lang.Object)'> (0x000000074dba1240) thrown at [./src/hotspot/share/interpreter/linkResolver.cpp, line 773]
Event: 1.973 Thread 0x0000022a98b7b800 Exception <a 'java/lang/NoSuchMethodError'{0x000000074d7ce288}: 'int java.lang.invoke.DirectMethodHandle$Holder.invokeStaticInit(java.lang.Object, java.lang.Object, java.lang.Object)'> (0x000000074d7ce288) thrown at [./src/hotspot/share/interpreter/linkResolver.cpp, line 773]
Event: 1.978 Thread 0x0000022a98b7b800 Exception <a 'java/lang/NoSuchMethodError'{0x000000074d7f91f0}: 'int java.lang.invoke.DirectMethodHandle$Holder.invokeStaticInit(java.lang.Object, java.lang.Object)'> (0x000000074d7f91f0) thrown at [./src/hotspot/share/interpreter/linkResolver.cpp, line 773]
Event: 2.033 Thread 0x0000022a98b7b800 Exception <a 'java/lang/NoSuchMethodError'{0x000000074d412658}: 'void java.lang.invoke.DirectMethodHandle$Holder.invokeSpecial(java.lang.Object, java.lang.Object)'> (0x000000074d412658) thrown at [./src/hotspot/share/interpreter/linkResolver.cpp, line 773]
Event: 2.305 Thread 0x0000022a98b7b800 Exception <a 'java/lang/NoSuchMethodError'{0x000000074cc7ef98}: 'java.lang.Object java.lang.invoke.DirectMethodHandle$Holder.invokeStatic(java.lang.Object, java.lang.Object, java.lang.Object, java.lang.Object, java.lang.Object, java.lang.Object, java.lang.Object, java.lang.Object, java.lang.Object, java.lang.Object, java.lang.Object, java.lang.Object, java.lang.Object, java.lang.Object, java.lang.Object)'> (0x000000074cc7ef98) thrown at [./src/hotspot/share/interpreter/linkResolver.cpp, line 773]
Event: 2.307 Thread 0x0000022a98b7b800 Exception <a 'java/lang/NoSuchMethodError'{0x000000074cc8d2f0}: 'java.lang.Object java.lang.invoke.DirectMethodHandle$Holder.invokeStatic(java.lang.Object, java.lang.Object, java.lang.Object, java.lang.Object, java.lang.Object, java.lang.Object, java.lang.Object, java.lang.Object, java.lang.Object, java.lang.Object, java.lang.Object, java.lang.Object, java.lang.Object, java.lang.Object, java.lang.Object, java.lang.Object)'> (0x000000074cc8d2f0) thrown at [./src/hotspot/share/interpreter/linkResolver.cpp, l
Event: 2.309 Thread 0x0000022a98b7b800 Exception <a 'java/lang/NoSuchMethodError'{0x000000074cc9b208}: 'java.lang.Object java.lang.invoke.DirectMethodHandle$Holder.invokeSpecial(java.lang.Object, java.lang.Object, int, int, java.lang.Object, java.lang.Object, java.lang.Object)'> (0x000000074cc9b208) thrown at [./src/hotspot/share/interpreter/linkResolver.cpp, line 773]
Event: 2.309 Thread 0x0000022a98b7b800 Exception <a 'java/lang/NoSuchMethodError'{0x000000074cc9ea40}: 'java.lang.Object java.lang.invoke.DelegatingMethodHandle$Holder.reinvoke_L(java.lang.Object, int, int, java.lang.Object, java.lang.Object, java.lang.Object)'> (0x000000074cc9ea40) thrown at [./src/hotspot/share/interpreter/linkResolver.cpp, line 773]
Event: 2.310 Thread 0x0000022a98b7b800 Exception <a 'java/lang/NoSuchMethodError'{0x000000074cca2dc8}: 'java.lang.Object java.lang.invoke.DirectMethodHandle$Holder.invokeStatic(java.lang.Object, java.lang.Object, java.lang.Object, java.lang.Object, int)'> (0x000000074cca2dc8) thrown at [./src/hotspot/share/interpreter/linkResolver.cpp, line 773]
Event: 2.369 Thread 0x0000022a98b7b800 Exception <a 'java/lang/NoSuchMethodError'{0x000000074cbc8cc8}: 'void java.lang.invoke.DirectMethodHandle$Holder.invokeStatic(java.lang.Object, java.lang.Object, java.lang.Object, java.lang.Object)'> (0x000000074cbc8cc8) thrown at [./src/hotspot/share/interpreter/linkResolver.cpp, line 773]
Event: 2.447 Thread 0x0000022a98b7b800 Exception <a 'java/lang/NoSuchMethodError'{0x000000074c7b7870}: 'void java.lang.invoke.DirectMethodHandle$Holder.invokeStaticInit(java.lang.Object, java.lang.Object)'> (0x000000074c7b7870) thrown at [./src/hotspot/share/interpreter/linkResolver.cpp, line 773]
Event: 2.603 Thread 0x0000022a98b7b800 Exception <a 'java/lang/NoSuchMethodError'{0x000000074c15a480}: 'void java.lang.invoke.DirectMethodHandle$Holder.invokeVirtual(java.lang.Object, java.lang.Object)'> (0x000000074c15a480) thrown at [./src/hotspot/share/interpreter/linkResolver.cpp, line 773]
Event: 2.622 Thread 0x0000022a98b7b800 Exception <a 'java/lang/NoSuchMethodError'{0x000000074c1ed0d0}: 'int java.lang.invoke.DirectMethodHandle$Holder.invokeVirtual(java.lang.Object, java.lang.Object)'> (0x000000074c1ed0d0) thrown at [./src/hotspot/share/interpreter/linkResolver.cpp, line 773]

Events (20 events):
Event: 2.867 loading class org/jetbrains/kotlin/com/intellij/util/text/ByteArrayCharSequence
Event: 2.867 loading class org/jetbrains/kotlin/com/intellij/util/text/ByteArrayCharSequence done
Event: 2.873 loading class org/jetbrains/kotlin/com/intellij/openapi/vfs/impl/jar/CoreJarVirtualFile
Event: 2.873 loading class org/jetbrains/kotlin/com/intellij/openapi/vfs/impl/jar/CoreJarVirtualFile done
Event: 2.873 loading class org/jetbrains/kotlin/com/intellij/openapi/vfs/impl/jar/CoreJarVirtualFile
Event: 2.873 loading class org/jetbrains/kotlin/com/intellij/openapi/vfs/impl/jar/CoreJarVirtualFile done
Event: 2.873 loading class org/jetbrains/kotlin/com/intellij/util/Function
Event: 2.873 loading class org/jetbrains/kotlin/com/intellij/util/Function done
Event: 2.873 loading class org/jetbrains/kotlin/com/intellij/util/containers/FactoryMap
Event: 2.873 loading class org/jetbrains/kotlin/com/intellij/util/containers/FactoryMap done
Event: 2.874 loading class org/jetbrains/kotlin/com/intellij/util/containers/FactoryMap$1
Event: 2.874 loading class org/jetbrains/kotlin/com/intellij/util/containers/FactoryMap$1 done
Event: 2.875 loading class org/jetbrains/kotlin/com/intellij/openapi/util/io/BufferExposingByteArrayInputStream
Event: 2.875 loading class org/jetbrains/kotlin/com/intellij/openapi/util/io/BufferExposingByteArrayInputStream done
Event: 2.876 loading class org/jetbrains/kotlin/com/intellij/util/io/UnsyncByteArrayInputStream
Event: 2.876 loading class org/jetbrains/kotlin/com/intellij/util/io/UnsyncByteArrayInputStream done
Event: 2.880 loading class org/jetbrains/kotlin/com/intellij/util/Function
Event: 2.880 loading class org/jetbrains/kotlin/com/intellij/util/Function done
Event: 2.881 loading class java/util/AbstractMap$SimpleEntry
Event: 2.881 loading class java/util/AbstractMap$SimpleEntry done


Dynamic libraries:
0x00007ff62cc80000 - 0x00007ff62cc8a000 	C:\Program Files\Android\Android Studio1\jre\bin\java.exe
0x00007fff34590000 - 0x00007fff34788000 	C:\WINDOWS\SYSTEM32\ntdll.dll
0x00007fff33ea0000 - 0x00007fff33f5f000 	C:\WINDOWS\System32\KERNEL32.DLL
0x00007fff31f00000 - 0x00007fff321d2000 	C:\WINDOWS\System32\KERNELBASE.dll
0x00007fff321e0000 - 0x00007fff322e0000 	C:\WINDOWS\System32\ucrtbase.dll
0x00007fff0dbc0000 - 0x00007fff0dbd7000 	C:\Program Files\Android\Android Studio1\jre\bin\VCRUNTIME140.dll
0x00007fff0b370000 - 0x00007fff0b389000 	C:\Program Files\Android\Android Studio1\jre\bin\jli.dll
0x00007fff33000000 - 0x00007fff3319d000 	C:\WINDOWS\System32\USER32.dll
0x00007fff31ed0000 - 0x00007fff31ef2000 	C:\WINDOWS\System32\win32u.dll
0x00007fff343e0000 - 0x00007fff3440b000 	C:\WINDOWS\System32\GDI32.dll
0x00007fff31d90000 - 0x00007fff31e9f000 	C:\WINDOWS\System32\gdi32full.dll
0x00007fff22c60000 - 0x00007fff22efa000 	C:\WINDOWS\WinSxS\amd64_microsoft.windows.common-controls_6595b64144ccf1df_6.0.19041.1110_none_60b5254171f9507e\COMCTL32.dll
0x00007fff32540000 - 0x00007fff325dd000 	C:\WINDOWS\System32\msvcp_win.dll
0x00007fff34340000 - 0x00007fff343de000 	C:\WINDOWS\System32\msvcrt.dll
0x00007fff34040000 - 0x00007fff34072000 	C:\WINDOWS\System32\IMM32.DLL
0x00007ffee7c80000 - 0x00007ffee7d1d000 	C:\Program Files\Android\Android Studio1\jre\bin\msvcp140.dll
0x00007ffee9b10000 - 0x00007ffeea612000 	C:\Program Files\Android\Android Studio1\jre\bin\server\jvm.dll
0x00007fff33230000 - 0x00007fff332de000 	C:\WINDOWS\System32\ADVAPI32.dll
0x00007fff32a00000 - 0x00007fff32a9c000 	C:\WINDOWS\System32\sechost.dll
0x00007fff34210000 - 0x00007fff34335000 	C:\WINDOWS\System32\RPCRT4.dll
0x00007fff32ff0000 - 0x00007fff32ff8000 	C:\WINDOWS\System32\PSAPI.DLL
0x00007fff2fc20000 - 0x00007fff2fc29000 	C:\WINDOWS\SYSTEM32\WSOCK32.dll
0x00007fff2b350000 - 0x00007fff2b35a000 	C:\WINDOWS\SYSTEM32\VERSION.dll
0x00007fff33d70000 - 0x00007fff33ddb000 	C:\WINDOWS\System32\WS2_32.dll
0x00007fff2f140000 - 0x00007fff2f167000 	C:\WINDOWS\SYSTEM32\WINMM.dll
0x00007fff30510000 - 0x00007fff30522000 	C:\WINDOWS\SYSTEM32\kernel.appcore.dll
0x00007fff10140000 - 0x00007fff10151000 	C:\Program Files\Android\Android Studio1\jre\bin\verify.dll
0x00007fff2f8c0000 - 0x00007fff2faa4000 	C:\WINDOWS\SYSTEM32\DBGHELP.DLL
0x00007fff1e630000 - 0x00007fff1e65c000 	C:\WINDOWS\SYSTEM32\dbgcore.DLL
0x00007fff31c90000 - 0x00007fff31d12000 	C:\WINDOWS\System32\bcryptPrimitives.dll
0x00007fff10110000 - 0x00007fff10139000 	C:\Program Files\Android\Android Studio1\jre\bin\java.dll
0x00007fff26fd0000 - 0x00007fff26fdb000 	C:\Program Files\Android\Android Studio1\jre\bin\jimage.dll
0x00007fff100f0000 - 0x00007fff10108000 	C:\Program Files\Android\Android Studio1\jre\bin\zip.dll
0x00007fff332e0000 - 0x00007fff33a23000 	C:\WINDOWS\System32\SHELL32.dll
0x00007fff2fd30000 - 0x00007fff304c2000 	C:\WINDOWS\SYSTEM32\windows.storage.dll
0x00007fff325e0000 - 0x00007fff32934000 	C:\WINDOWS\System32\combase.dll
0x00007fff316f0000 - 0x00007fff31720000 	C:\WINDOWS\SYSTEM32\Wldp.dll
0x00007fff33df0000 - 0x00007fff33e9d000 	C:\WINDOWS\System32\SHCORE.dll
0x00007fff329a0000 - 0x00007fff329f5000 	C:\WINDOWS\System32\shlwapi.dll
0x00007fff31bd0000 - 0x00007fff31bef000 	C:\WINDOWS\SYSTEM32\profapi.dll
0x00007fff100d0000 - 0x00007fff100ea000 	C:\Program Files\Android\Android Studio1\jre\bin\net.dll
0x00007fff216e0000 - 0x00007fff217ec000 	C:\WINDOWS\SYSTEM32\WINHTTP.dll
0x00007fff31450000 - 0x00007fff314ba000 	C:\WINDOWS\system32\mswsock.dll
0x00007fff0ea90000 - 0x00007fff0eaa4000 	C:\Program Files\Android\Android Studio1\jre\bin\nio.dll

dbghelp: loaded successfully - version: 4.0.5 - missing functions: none
symbol engine: initialized successfully - sym options: 0x614 - pdb path: .;C:\Program Files\Android\Android Studio1\jre\bin;C:\WINDOWS\SYSTEM32;C:\WINDOWS\WinSxS\amd64_microsoft.windows.common-controls_6595b64144ccf1df_6.0.19041.1110_none_60b5254171f9507e;C:\Program Files\Android\Android Studio1\jre\bin\server

VM Arguments:
java_command: org.jetbrains.kotlin.cli.jvm.K2JVMCompiler @E:\desktop\MyMCQ\MyMCQ\MyMCQ\app\build\20221209_3017726669976527143.compiler.options
java_class_path (initial): C:\Users\Leslin\.gradle\caches\modules-2\files-2.1\org.jetbrains.kotlin\kotlin-compiler-embeddable\1.7.20\8db18559a581dd2c36ddfd5046af145650f5b126\kotlin-compiler-embeddable-1.7.20.jar;C:\Users\Leslin\.gradle\caches\modules-2\files-2.1\org.jetbrains.kotlin\kotlin-reflect\1.7.20\12b2501e33bb6373e8e347c86d85481863629381\kotlin-reflect-1.7.20.jar;C:\Users\Leslin\.gradle\caches\modules-2\files-2.1\org.jetbrains.kotlin\kotlin-stdlib\1.7.20\726594ea9ba2beb2ee113647fefa9a10f9fabe52\kotlin-stdlib-1.7.20.jar;C:\Users\Leslin\.gradle\caches\modules-2\files-2.1\org.jetbrains.kotlin\kotlin-script-runtime\1.7.20\bcd1cc6f865e632550357fcc59f5ffd532615a8\kotlin-script-runtime-1.7.20.jar;C:\Users\Leslin\.gradle\caches\modules-2\files-2.1\org.jetbrains.kotlin\kotlin-daemon-embeddable\1.7.20\1e24355adad8d529d75d5b19eab55484057431ba\kotlin-daemon-embeddable-1.7.20.jar;C:\Users\Leslin\.gradle\caches\modules-2\files-2.1\org.jetbrains.intellij.deps\trove4j\1.0.20200330\3afb14d5f9ceb459d724e907a21145e8ff394f02\trove4j-1.0.20200330.jar;C:\Users\Leslin\.gradle\caches\modules-2\files-2.1\net.java.dev.jna\jna\5.6.0\330f2244e9030119ab3030fc3fededc86713d9cc\jna-5.6.0.jar;C:\Users\Leslin\.gradle\caches\modules-2\files-2.1\org.jetbrains.kotlin\kotlin-stdlib-common\1.7.20\e15351bdaf9fa06f009be5da7a202e4184f00ae3\kotlin-stdlib-common-1.7.20.jar;C:\Users\Leslin\.gradle\caches\modules-2\files-2.1\org.jetbrains\annotations\13.0\919f0dfe192fb4e063e7dacadee7f8bb9a2672a9\annotations-13.0.jar
Launcher Type: SUN_STANDARD

[Global flags]
     intx CICompilerCount                          = 3                                         {product} {ergonomic}
     uint ConcGCThreads                            = 1                                         {product} {ergonomic}
     uint G1ConcRefinementThreads                  = 4                                         {product} {ergonomic}
   size_t G1HeapRegionSize                         = 1048576                                   {product} {ergonomic}
    uintx GCDrainStackTargetSize                   = 64                                        {product} {ergonomic}
   size_t InitialHeapSize                          = 199229440                                 {product} {ergonomic}
   size_t MarkStackSize                            = 4194304                                   {product} {ergonomic}
   size_t MaxHeapSize                              = 3185573888                                {product} {ergonomic}
   size_t MaxNewSize                               = 1910505472                                {product} {ergonomic}
   size_t MinHeapDeltaBytes                        = 1048576                                   {product} {ergonomic}
    uintx NonNMethodCodeHeapSize                   = 5830732                                {pd product} {ergonomic}
    uintx NonProfiledCodeHeapSize                  = 122913754                              {pd product} {ergonomic}
    uintx ProfiledCodeHeapSize                     = 122913754                              {pd product} {ergonomic}
    uintx ReservedCodeCacheSize                    = 251658240                              {pd product} {ergonomic}
     bool SegmentedCodeCache                       = true                                      {product} {ergonomic}
     bool UseCompressedClassPointers               = true                                 {lp64_product} {ergonomic}
     bool UseCompressedOops                        = true                                 {lp64_product} {ergonomic}
     bool UseG1GC                                  = true                                      {product} {ergonomic}
     bool UseLargePagesIndividualAllocation        = false                                  {pd product} {ergonomic}

Logging:
Log output configuration:
 #0: stdout all=warning uptime,level,tags
 #1: stderr all=off uptime,level,tags

Environment Variables:
JAVA_HOME=C:\Program Files\Java\jdk1.8.0_291
PATH=C:\Program Files (x86)\Common Files\Oracle\Java\javapath;C:\WINDOWS\system32;C:\WINDOWS;C:\WINDOWS\System32\Wbem;C:\WINDOWS\System32\WindowsPowerShell\v1.0\;C:\WINDOWS\System32\OpenSSH\;C:\Program Files\Git\cmd;C:\ProgramData\chocolatey\bin;C:\Program Files\nodejs\;C:\Users\Leslin\AppData\Local\Android\Sdk;C:\Users\Leslin\AppData\Local\Android\Sdk\platform-tools;C:\Users\Leslin\AppData\Local\Android\Sdk\emulator;C:\Users\Leslin\AppData\Roaming\npm;C:\Program Files\Java\jdk1.8.0_291\bin;C:\Users\Leslin\AppData\Local\Android\Sdk\platform-tools;C:\Program Files\Java\jdk1.8.0_291;C:\Users\Leslin\AppData\Local\Microsoft\WindowsApps;C:\Users\Leslin\AppData\Local\Programs\Microsoft VS Code\bin;C:\Users\Leslin\AppData\Roaming\npm;C:\src\flutter\bin;
USERNAME=Leslin
OS=Windows_NT
PROCESSOR_IDENTIFIER=Intel64 Family 6 Model 78 Stepping 3, GenuineIntel



---------------  S Y S T E M  ---------------

OS: Windows 10 , 64 bit Build 19041 (10.0.19041.2251)
OS uptime: 16 days 4:22 hours

CPU:total 4 (initial active 4) (2 cores per cpu, 2 threads per core) family 6 model 78 stepping 3 microcode 0xcc, cmov, cx8, fxsr, mmx, sse, sse2, sse3, ssse3, sse4.1, sse4.2, popcnt, avx, avx2, aes, clmul, erms, 3dnowpref, lzcnt, ht, tsc, tscinvbit, bmi1, bmi2, adx, fma

Memory: 4k page, system-wide physical 12149M (1470M free)
TotalPageFile size 26291M (AvailPageFile size 3M)
current process WorkingSet (physical memory assigned to process): 188M, peak: 188M
current process commit charge ("private bytes"): 338M, peak: 342M

vm_info: OpenJDK 64-Bit Server VM (11.0.13+0-b1751.21-8125866) for windows-amd64 JRE (11.0.13+0-b1751.21-8125866), built on Feb  2 2022 03:00:22 by "builder" with MS VC++ 14.0 (VS2015)

END.
