#
# There is insufficient memory for the Java Runtime Environment to continue.
# Native memory allocation (malloc) failed to allocate 32744 bytes for ChunkPool::allocate
# Possible reasons:
#   The system is out of physical RAM or swap space
#   The process is running with CompressedOops enabled, and the Java Heap may be blocking the growth of the native heap
# Possible solutions:
#   Reduce memory load on the system
#   Increase physical memory or swap space
#   Check if swap backing store is full
#   Decrease Java heap size (-Xmx/-Xms)
#   Decrease number of Java threads
#   Decrease Java thread stack sizes (-Xss)
#   Set larger code cache with -XX:ReservedCodeCacheSize=
#   JVM is running with Zero Based Compressed Oops mode in which the Java heap is
#     placed in the first 32GB address space. The Java Heap base address is the
#     maximum limit for the native heap growth. Please use -XX:HeapBaseMinAddress
#     to set the Java Heap base and to place the Java Heap above 32GB virtual address.
# This output file may be truncated or incomplete.
#
#  Out of Memory Error (./src/hotspot/share/memory/arena.cpp:81), pid=2692, tid=16692
#
# JRE version: OpenJDK Runtime Environment (11.0.13) (build 11.0.13+0-b1751.21-8125866)
# Java VM: OpenJDK 64-Bit Server VM (11.0.13+0-b1751.21-8125866, mixed mode, tiered, compressed oops, g1 gc, windows-amd64)
# No core dump will be written. Minidumps are not enabled by default on client versions of Windows
#

---------------  S U M M A R Y ------------

Command Line: org.jetbrains.kotlin.cli.jvm.K2JVMCompiler @E:\desktop\MyMCQ\MyMCQ\MyMCQ\app\build\20221209_3855816261552167951.compiler.options

Host: Intel(R) Core(TM) i5-6200U CPU @ 2.30GHz, 4 cores, 11G,  Windows 10 , 64 bit Build 19041 (10.0.19041.2251)
Time: Fri Dec  9 02:38:37 2022 India Standard Time elapsed time: 27.957558 seconds (0d 0h 0m 27s)

---------------  T H R E A D  ---------------

Current thread (0x000001baab4c3000):  JavaThread "C2 CompilerThread1" daemon [_thread_in_native, id=16692, stack(0x000000320a800000,0x000000320a900000)]


Current CompileTask:
C2:  27957 12842       4       org.jetbrains.kotlin.backend.jvm.mapping.MethodSignatureMapper::mapSignature (573 bytes)

Stack: [0x000000320a800000,0x000000320a900000]
Native frames: (J=compiled Java code, j=interpreted, Vv=VM code, C=native code)
V  [jvm.dll+0x6100fa]
V  [jvm.dll+0x747090]
V  [jvm.dll+0x7486ad]
V  [jvm.dll+0x748d83]
V  [jvm.dll+0x24ab48]
V  [jvm.dll+0xc075b]
V  [jvm.dll+0xc0a0c]
V  [jvm.dll+0x363ece]
V  [jvm.dll+0x5082d4]
V  [jvm.dll+0x32b862]
V  [jvm.dll+0x32ad2a]
V  [jvm.dll+0x2032b2]
V  [jvm.dll+0x202437]
V  [jvm.dll+0x188e01]
V  [jvm.dll+0x21106b]
V  [jvm.dll+0x20f8c1]
V  [jvm.dll+0x70de0f]
V  [jvm.dll+0x706a75]
V  [jvm.dll+0x60ed66]
C  [ucrtbase.dll+0x21bb2]
C  [KERNEL32.DLL+0x174b4]
C  [ntdll.dll+0x526a1]


---------------  P R O C E S S  ---------------

Threads class SMR info:
_java_thread_list=0x000001baacbf6550, length=11, elements={
0x000001ba8905a800, 0x000001baa6155000, 0x000001baa6159000, 0x000001baa5926800,
0x000001baa5928800, 0x000001baa592e000, 0x000001baa616a800, 0x000001baa616e800,
0x000001baa6170800, 0x000001baa6310000, 0x000001baab4c3000
}

Java Threads: ( => current thread )
  0x000001ba8905a800 JavaThread "main" [_thread_in_Java, id=7116, stack(0x0000003209700000,0x0000003209800000)]
  0x000001baa6155000 JavaThread "Reference Handler" daemon [_thread_blocked, id=16664, stack(0x0000003209e00000,0x0000003209f00000)]
  0x000001baa6159000 JavaThread "Finalizer" daemon [_thread_blocked, id=14824, stack(0x0000003209f00000,0x000000320a000000)]
  0x000001baa5926800 JavaThread "Signal Dispatcher" daemon [_thread_blocked, id=18156, stack(0x000000320a000000,0x000000320a100000)]
  0x000001baa5928800 JavaThread "Attach Listener" daemon [_thread_blocked, id=7136, stack(0x000000320a100000,0x000000320a200000)]
  0x000001baa592e000 JavaThread "Service Thread" daemon [_thread_blocked, id=10656, stack(0x000000320a200000,0x000000320a300000)]
  0x000001baa616a800 JavaThread "C2 CompilerThread0" daemon [_thread_in_native, id=17700, stack(0x000000320a300000,0x000000320a400000)]
  0x000001baa616e800 JavaThread "C1 CompilerThread0" daemon [_thread_in_native, id=2016, stack(0x000000320a400000,0x000000320a500000)]
  0x000001baa6170800 JavaThread "Sweeper thread" daemon [_thread_blocked, id=12868, stack(0x000000320a500000,0x000000320a600000)]
  0x000001baa6310000 JavaThread "Common-Cleaner" daemon [_thread_blocked, id=13496, stack(0x000000320a700000,0x000000320a800000)]
=>0x000001baab4c3000 JavaThread "C2 CompilerThread1" daemon [_thread_in_native, id=16692, stack(0x000000320a800000,0x000000320a900000)]

Other Threads:
  0x000001baa5911000 VMThread "VM Thread" [stack: 0x0000003209d00000,0x0000003209e00000] [id=11108]
  0x000001baa630b800 WatcherThread [stack: 0x000000320a600000,0x000000320a700000] [id=4648]
  0x000001ba89073800 GCTaskThread "GC Thread#0" [stack: 0x0000003209800000,0x0000003209900000] [id=14852]
  0x000001baa693f000 GCTaskThread "GC Thread#1" [stack: 0x000000320a900000,0x000000320aa00000] [id=5272]
  0x000001baa695a800 GCTaskThread "GC Thread#2" [stack: 0x000000320aa00000,0x000000320ab00000] [id=17576]
  0x000001baa695b000 GCTaskThread "GC Thread#3" [stack: 0x000000320ab00000,0x000000320ac00000] [id=15640]
  0x000001ba890b9000 ConcurrentGCThread "G1 Main Marker" [stack: 0x0000003209900000,0x0000003209a00000] [id=9732]
  0x000001ba890ba000 ConcurrentGCThread "G1 Conc#0" [stack: 0x0000003209a00000,0x0000003209b00000] [id=14020]
  0x000001baa577c800 ConcurrentGCThread "G1 Refine#0" [stack: 0x0000003209b00000,0x0000003209c00000] [id=6580]
  0x000001baa577d800 ConcurrentGCThread "G1 Young RemSet Sampling" [stack: 0x0000003209c00000,0x0000003209d00000] [id=15976]

Threads with active compile tasks:
C2 CompilerThread0  28009 13033       4       org.jetbrains.kotlin.types.AbstractTypeMapper::mapType (540 bytes)
C1 CompilerThread0  28009 13071       3       org.jetbrains.kotlin.codegen.optimization.common.OptimizationBasicInterpreter::unaryOperation (643 bytes)
C2 CompilerThread1  28009 12842       4       org.jetbrains.kotlin.backend.jvm.mapping.MethodSignatureMapper::mapSignature (573 bytes)

VM state:not at safepoint (normal execution)

VM Mutex/Monitor currently owned by a thread: None

Heap address: 0x0000000742200000, size: 3038 MB, Compressed Oops mode: Zero based, Oop shift amount: 3
Narrow klass base: 0x0000000800000000, Narrow klass shift: 0
Compressed class space size: 1073741824 Address: 0x0000000800000000

Heap:
 garbage-first heap   total 233472K, used 100994K [0x0000000742200000, 0x0000000800000000)
  region size 1024K, 44 young (45056K), 10 survivors (10240K)
 Metaspace       used 90439K, capacity 91355K, committed 91472K, reserved 1130496K
  class space    used 9808K, capacity 10198K, committed 10264K, reserved 1048576K
Heap Regions: E=young(eden), S=young(survivor), O=old, HS=humongous(starts), HC=humongous(continues), CS=collection set, F=free, A=archive, TAMS=top-at-mark-start (previous, next)
|   0|0x0000000742200000, 0x0000000742300000, 0x0000000742300000|100%|HS|  |TAMS 0x0000000742300000, 0x0000000742200000| Complete 
|   1|0x0000000742300000, 0x0000000742400000, 0x0000000742400000|100%|HC|  |TAMS 0x0000000742400000, 0x0000000742300000| Complete 
|   2|0x0000000742400000, 0x0000000742500000, 0x0000000742500000|100%|HC|  |TAMS 0x0000000742500000, 0x0000000742400000| Complete 
|   3|0x0000000742500000, 0x0000000742600000, 0x0000000742600000|100%|HC|  |TAMS 0x0000000742600000, 0x0000000742500000| Complete 
|   4|0x0000000742600000, 0x0000000742700000, 0x0000000742700000|100%| O|  |TAMS 0x0000000742700000, 0x0000000742600000| Untracked 
|   5|0x0000000742700000, 0x0000000742800000, 0x0000000742800000|100%| O|  |TAMS 0x0000000742800000, 0x0000000742700000| Untracked 
|   6|0x0000000742800000, 0x0000000742900000, 0x0000000742900000|100%|HS|  |TAMS 0x0000000742900000, 0x0000000742800000| Complete 
|   7|0x0000000742900000, 0x0000000742a00000, 0x0000000742a00000|100%|HC|  |TAMS 0x0000000742a00000, 0x0000000742900000| Complete 
|   8|0x0000000742a00000, 0x0000000742b00000, 0x0000000742b00000|100%|HC|  |TAMS 0x0000000742b00000, 0x0000000742a00000| Complete 
|   9|0x0000000742b00000, 0x0000000742c00000, 0x0000000742c00000|100%|HC|  |TAMS 0x0000000742c00000, 0x0000000742b00000| Complete 
|  10|0x0000000742c00000, 0x0000000742d00000, 0x0000000742d00000|100%|HS|  |TAMS 0x0000000742d00000, 0x0000000742c00000| Complete 
|  11|0x0000000742d00000, 0x0000000742e00000, 0x0000000742e00000|100%|HC|  |TAMS 0x0000000742e00000, 0x0000000742d00000| Complete 
|  12|0x0000000742e00000, 0x0000000742f00000, 0x0000000742f00000|100%| O|  |TAMS 0x0000000742f00000, 0x0000000742e00000| Untracked 
|  13|0x0000000742f00000, 0x0000000743000000, 0x0000000743000000|100%| O|  |TAMS 0x0000000743000000, 0x0000000742f00000| Untracked 
|  14|0x0000000743000000, 0x0000000743100000, 0x0000000743100000|100%| O|  |TAMS 0x0000000743100000, 0x0000000743000000| Untracked 
|  15|0x0000000743100000, 0x0000000743200000, 0x0000000743200000|100%| O|  |TAMS 0x0000000743200000, 0x0000000743100000| Untracked 
|  16|0x0000000743200000, 0x0000000743300000, 0x0000000743300000|100%| O|  |TAMS 0x0000000743300000, 0x0000000743200000| Untracked 
|  17|0x0000000743300000, 0x0000000743400000, 0x0000000743400000|100%| O|  |TAMS 0x0000000743400000, 0x0000000743300000| Untracked 
|  18|0x0000000743400000, 0x0000000743500000, 0x0000000743500000|100%| O|  |TAMS 0x0000000743500000, 0x0000000743400000| Untracked 
|  19|0x0000000743500000, 0x0000000743600000, 0x0000000743600000|100%| O|  |TAMS 0x0000000743600000, 0x0000000743500000| Untracked 
|  20|0x0000000743600000, 0x0000000743700000, 0x0000000743700000|100%| O|  |TAMS 0x0000000743700000, 0x0000000743600000| Untracked 
|  21|0x0000000743700000, 0x0000000743800000, 0x0000000743800000|100%| O|  |TAMS 0x0000000743800000, 0x0000000743700000| Untracked 
|  22|0x0000000743800000, 0x0000000743900000, 0x0000000743900000|100%| O|  |TAMS 0x0000000743900000, 0x0000000743800000| Untracked 
|  23|0x0000000743900000, 0x0000000743a00000, 0x0000000743a00000|100%| O|  |TAMS 0x0000000743a00000, 0x0000000743900000| Untracked 
|  24|0x0000000743a00000, 0x0000000743b00000, 0x0000000743b00000|100%| O|  |TAMS 0x0000000743b00000, 0x0000000743a00000| Untracked 
|  25|0x0000000743b00000, 0x0000000743c00000, 0x0000000743c00000|100%| O|  |TAMS 0x0000000743c00000, 0x0000000743b00000| Untracked 
|  26|0x0000000743c00000, 0x0000000743d00000, 0x0000000743d00000|100%| O|  |TAMS 0x0000000743d00000, 0x0000000743c00000| Untracked 
|  27|0x0000000743d00000, 0x0000000743e00000, 0x0000000743e00000|100%| O|  |TAMS 0x0000000743e00000, 0x0000000743d00000| Untracked 
|  28|0x0000000743e00000, 0x0000000743f00000, 0x0000000743f00000|100%| O|  |TAMS 0x0000000743f00000, 0x0000000743e00000| Untracked 
|  29|0x0000000743f00000, 0x0000000744000000, 0x0000000744000000|100%| O|  |TAMS 0x0000000744000000, 0x0000000743f00000| Untracked 
|  30|0x0000000744000000, 0x0000000744100000, 0x0000000744100000|100%| O|  |TAMS 0x0000000744100000, 0x0000000744000000| Untracked 
|  31|0x0000000744100000, 0x0000000744200000, 0x0000000744200000|100%| O|  |TAMS 0x0000000744200000, 0x0000000744100000| Untracked 
|  32|0x0000000744200000, 0x0000000744300000, 0x0000000744300000|100%| O|  |TAMS 0x0000000744300000, 0x0000000744200000| Untracked 
|  33|0x0000000744300000, 0x0000000744400000, 0x0000000744400000|100%| O|  |TAMS 0x0000000744400000, 0x0000000744300000| Untracked 
|  34|0x0000000744400000, 0x0000000744500000, 0x0000000744500000|100%| O|  |TAMS 0x0000000744500000, 0x0000000744400000| Untracked 
|  35|0x0000000744500000, 0x0000000744600000, 0x0000000744600000|100%| O|  |TAMS 0x0000000744600000, 0x0000000744500000| Untracked 
|  36|0x0000000744600000, 0x0000000744700000, 0x0000000744700000|100%| O|  |TAMS 0x0000000744700000, 0x0000000744600000| Untracked 
|  37|0x0000000744700000, 0x0000000744800000, 0x0000000744800000|100%| O|  |TAMS 0x0000000744800000, 0x0000000744700000| Untracked 
|  38|0x0000000744800000, 0x0000000744900000, 0x0000000744900000|100%| O|  |TAMS 0x000000074484c800, 0x0000000744800000| Untracked 
|  39|0x0000000744900000, 0x0000000744a00000, 0x0000000744a00000|100%| O|  |TAMS 0x0000000744900000, 0x0000000744900000| Untracked 
|  40|0x0000000744a00000, 0x0000000744b00000, 0x0000000744b00000|100%| O|  |TAMS 0x0000000744a00000, 0x0000000744a00000| Untracked 
|  41|0x0000000744b00000, 0x0000000744c00000, 0x0000000744c00000|100%| O|  |TAMS 0x0000000744b00000, 0x0000000744b00000| Untracked 
|  42|0x0000000744c00000, 0x0000000744d00000, 0x0000000744d00000|100%| O|  |TAMS 0x0000000744c00000, 0x0000000744c00000| Untracked 
|  43|0x0000000744d00000, 0x0000000744e00000, 0x0000000744e00000|100%| O|  |TAMS 0x0000000744d00000, 0x0000000744d00000| Untracked 
|  44|0x0000000744e00000, 0x0000000744f00000, 0x0000000744f00000|100%| O|  |TAMS 0x0000000744e00000, 0x0000000744e00000| Untracked 
|  45|0x0000000744f00000, 0x0000000745000000, 0x0000000745000000|100%| O|  |TAMS 0x0000000744f00000, 0x0000000744f00000| Untracked 
|  46|0x0000000745000000, 0x0000000745100000, 0x0000000745100000|100%| O|  |TAMS 0x0000000745000000, 0x0000000745000000| Untracked 
|  47|0x0000000745100000, 0x0000000745200000, 0x0000000745200000|100%| O|  |TAMS 0x0000000745100000, 0x0000000745100000| Untracked 
|  48|0x0000000745200000, 0x0000000745300000, 0x0000000745300000|100%| O|  |TAMS 0x0000000745200000, 0x0000000745200000| Untracked 
|  49|0x0000000745300000, 0x0000000745400000, 0x0000000745400000|100%| O|  |TAMS 0x0000000745300000, 0x0000000745300000| Untracked 
|  50|0x0000000745400000, 0x0000000745500000, 0x0000000745500000|100%| O|  |TAMS 0x0000000745400000, 0x0000000745400000| Untracked 
|  51|0x0000000745500000, 0x0000000745600000, 0x0000000745600000|100%| O|  |TAMS 0x0000000745500000, 0x0000000745500000| Untracked 
|  52|0x0000000745600000, 0x0000000745700000, 0x0000000745700000|100%| O|  |TAMS 0x0000000745600000, 0x0000000745600000| Untracked 
|  53|0x0000000745700000, 0x0000000745800000, 0x0000000745800000|100%| O|  |TAMS 0x0000000745700000, 0x0000000745700000| Untracked 
|  54|0x0000000745800000, 0x0000000745900000, 0x0000000745900000|100%| O|  |TAMS 0x0000000745800000, 0x0000000745800000| Untracked 
|  55|0x0000000745900000, 0x0000000745a00000, 0x0000000745a00000|100%| O|  |TAMS 0x0000000745900000, 0x0000000745900000| Untracked 
|  56|0x0000000745a00000, 0x0000000745ad3800, 0x0000000745b00000| 82%| O|  |TAMS 0x0000000745a00000, 0x0000000745a00000| Untracked 
|  57|0x0000000745b00000, 0x0000000745b00000, 0x0000000745c00000|  0%| F|  |TAMS 0x0000000745b00000, 0x0000000745b00000| Untracked 
|  58|0x0000000745c00000, 0x0000000745c00000, 0x0000000745d00000|  0%| F|  |TAMS 0x0000000745c00000, 0x0000000745c00000| Untracked 
|  59|0x0000000745d00000, 0x0000000745d00000, 0x0000000745e00000|  0%| F|  |TAMS 0x0000000745d00000, 0x0000000745d00000| Untracked 
|  60|0x0000000745e00000, 0x0000000745e00000, 0x0000000745f00000|  0%| F|  |TAMS 0x0000000745e00000, 0x0000000745e00000| Untracked 
|  61|0x0000000745f00000, 0x0000000745f00000, 0x0000000746000000|  0%| F|  |TAMS 0x0000000745f00000, 0x0000000745f00000| Untracked 
|  62|0x0000000746000000, 0x0000000746000000, 0x0000000746100000|  0%| F|  |TAMS 0x0000000746000000, 0x0000000746000000| Untracked 
|  63|0x0000000746100000, 0x0000000746100000, 0x0000000746200000|  0%| F|  |TAMS 0x0000000746100000, 0x0000000746100000| Untracked 
|  64|0x0000000746200000, 0x0000000746200000, 0x0000000746300000|  0%| F|  |TAMS 0x0000000746200000, 0x0000000746200000| Untracked 
|  65|0x0000000746300000, 0x0000000746300000, 0x0000000746400000|  0%| F|  |TAMS 0x0000000746300000, 0x0000000746300000| Untracked 
|  66|0x0000000746400000, 0x0000000746400000, 0x0000000746500000|  0%| F|  |TAMS 0x0000000746400000, 0x0000000746400000| Untracked 
|  67|0x0000000746500000, 0x0000000746500000, 0x0000000746600000|  0%| F|  |TAMS 0x0000000746500000, 0x0000000746500000| Untracked 
|  68|0x0000000746600000, 0x0000000746600000, 0x0000000746700000|  0%| F|  |TAMS 0x0000000746600000, 0x0000000746600000| Untracked 
|  69|0x0000000746700000, 0x0000000746700000, 0x0000000746800000|  0%| F|  |TAMS 0x0000000746700000, 0x0000000746700000| Untracked 
|  70|0x0000000746800000, 0x0000000746800000, 0x0000000746900000|  0%| F|  |TAMS 0x0000000746800000, 0x0000000746800000| Untracked 
|  71|0x0000000746900000, 0x0000000746900000, 0x0000000746a00000|  0%| F|  |TAMS 0x0000000746900000, 0x0000000746900000| Untracked 
|  72|0x0000000746a00000, 0x0000000746a00000, 0x0000000746b00000|  0%| F|  |TAMS 0x0000000746a00000, 0x0000000746a00000| Untracked 
|  73|0x0000000746b00000, 0x0000000746b00000, 0x0000000746c00000|  0%| F|  |TAMS 0x0000000746b00000, 0x0000000746b00000| Untracked 
|  74|0x0000000746c00000, 0x0000000746c00000, 0x0000000746d00000|  0%| F|  |TAMS 0x0000000746c00000, 0x0000000746c00000| Untracked 
|  75|0x0000000746d00000, 0x0000000746d00000, 0x0000000746e00000|  0%| F|  |TAMS 0x0000000746d00000, 0x0000000746d00000| Untracked 
|  76|0x0000000746e00000, 0x0000000746e00000, 0x0000000746f00000|  0%| F|  |TAMS 0x0000000746e00000, 0x0000000746e00000| Untracked 
|  77|0x0000000746f00000, 0x0000000746f00000, 0x0000000747000000|  0%| F|  |TAMS 0x0000000746f00000, 0x0000000746f00000| Untracked 
|  78|0x0000000747000000, 0x0000000747000000, 0x0000000747100000|  0%| F|  |TAMS 0x0000000747000000, 0x0000000747000000| Untracked 
|  79|0x0000000747100000, 0x0000000747100000, 0x0000000747200000|  0%| F|  |TAMS 0x0000000747100000, 0x0000000747100000| Untracked 
|  80|0x0000000747200000, 0x0000000747200000, 0x0000000747300000|  0%| F|  |TAMS 0x0000000747200000, 0x0000000747200000| Untracked 
|  81|0x0000000747300000, 0x0000000747300000, 0x0000000747400000|  0%| F|  |TAMS 0x0000000747300000, 0x0000000747300000| Untracked 
|  82|0x0000000747400000, 0x0000000747400000, 0x0000000747500000|  0%| F|  |TAMS 0x0000000747400000, 0x0000000747400000| Untracked 
|  83|0x0000000747500000, 0x0000000747500000, 0x0000000747600000|  0%| F|  |TAMS 0x0000000747500000, 0x0000000747500000| Untracked 
|  84|0x0000000747600000, 0x0000000747600000, 0x0000000747700000|  0%| F|  |TAMS 0x0000000747600000, 0x0000000747600000| Untracked 
|  85|0x0000000747700000, 0x0000000747700000, 0x0000000747800000|  0%| F|  |TAMS 0x0000000747700000, 0x0000000747700000| Untracked 
|  86|0x0000000747800000, 0x0000000747800000, 0x0000000747900000|  0%| F|  |TAMS 0x0000000747800000, 0x0000000747800000| Untracked 
|  87|0x0000000747900000, 0x0000000747900000, 0x0000000747a00000|  0%| F|  |TAMS 0x0000000747900000, 0x0000000747900000| Untracked 
|  88|0x0000000747a00000, 0x0000000747a00000, 0x0000000747b00000|  0%| F|  |TAMS 0x0000000747a00000, 0x0000000747a00000| Untracked 
|  89|0x0000000747b00000, 0x0000000747b00000, 0x0000000747c00000|  0%| F|  |TAMS 0x0000000747b00000, 0x0000000747b00000| Untracked 
|  90|0x0000000747c00000, 0x0000000747c00000, 0x0000000747d00000|  0%| F|  |TAMS 0x0000000747c00000, 0x0000000747c00000| Untracked 
|  91|0x0000000747d00000, 0x0000000747d00000, 0x0000000747e00000|  0%| F|  |TAMS 0x0000000747d00000, 0x0000000747d00000| Untracked 
|  92|0x0000000747e00000, 0x0000000747e00000, 0x0000000747f00000|  0%| F|  |TAMS 0x0000000747e00000, 0x0000000747e00000| Untracked 
|  93|0x0000000747f00000, 0x0000000747f00000, 0x0000000748000000|  0%| F|  |TAMS 0x0000000747f00000, 0x0000000747f00000| Untracked 
|  94|0x0000000748000000, 0x0000000748000000, 0x0000000748100000|  0%| F|  |TAMS 0x0000000748000000, 0x0000000748000000| Untracked 
|  95|0x0000000748100000, 0x0000000748100000, 0x0000000748200000|  0%| F|  |TAMS 0x0000000748100000, 0x0000000748100000| Untracked 
|  96|0x0000000748200000, 0x0000000748200000, 0x0000000748300000|  0%| F|  |TAMS 0x0000000748200000, 0x0000000748200000| Untracked 
|  97|0x0000000748300000, 0x0000000748300000, 0x0000000748400000|  0%| F|  |TAMS 0x0000000748300000, 0x0000000748300000| Untracked 
|  98|0x0000000748400000, 0x0000000748400000, 0x0000000748500000|  0%| F|  |TAMS 0x0000000748400000, 0x0000000748400000| Untracked 
|  99|0x0000000748500000, 0x0000000748500000, 0x0000000748600000|  0%| F|  |TAMS 0x0000000748500000, 0x0000000748500000| Untracked 
| 100|0x0000000748600000, 0x0000000748600000, 0x0000000748700000|  0%| F|  |TAMS 0x0000000748600000, 0x0000000748600000| Untracked 
| 101|0x0000000748700000, 0x0000000748700000, 0x0000000748800000|  0%| F|  |TAMS 0x0000000748700000, 0x0000000748700000| Untracked 
| 102|0x0000000748800000, 0x0000000748800000, 0x0000000748900000|  0%| F|  |TAMS 0x0000000748800000, 0x0000000748800000| Untracked 
| 103|0x0000000748900000, 0x0000000748900000, 0x0000000748a00000|  0%| F|  |TAMS 0x0000000748900000, 0x0000000748900000| Untracked 
| 104|0x0000000748a00000, 0x0000000748a00000, 0x0000000748b00000|  0%| F|  |TAMS 0x0000000748a00000, 0x0000000748a00000| Untracked 
| 105|0x0000000748b00000, 0x0000000748b00000, 0x0000000748c00000|  0%| F|  |TAMS 0x0000000748b00000, 0x0000000748b00000| Untracked 
| 106|0x0000000748c00000, 0x0000000748c00000, 0x0000000748d00000|  0%| F|  |TAMS 0x0000000748c00000, 0x0000000748c00000| Untracked 
| 107|0x0000000748d00000, 0x0000000748d00000, 0x0000000748e00000|  0%| F|  |TAMS 0x0000000748d00000, 0x0000000748d00000| Untracked 
| 108|0x0000000748e00000, 0x0000000748e00000, 0x0000000748f00000|  0%| F|  |TAMS 0x0000000748e00000, 0x0000000748e00000| Untracked 
| 109|0x0000000748f00000, 0x0000000748f00000, 0x0000000749000000|  0%| F|  |TAMS 0x0000000748f00000, 0x0000000748f00000| Untracked 
| 110|0x0000000749000000, 0x00000007490cd3b0, 0x0000000749100000| 80%| S|CS|TAMS 0x0000000749000000, 0x0000000749000000| Complete 
| 111|0x0000000749100000, 0x0000000749200000, 0x0000000749200000|100%| S|CS|TAMS 0x0000000749100000, 0x0000000749100000| Complete 
| 112|0x0000000749200000, 0x0000000749300000, 0x0000000749300000|100%| S|CS|TAMS 0x0000000749200000, 0x0000000749200000| Complete 
| 113|0x0000000749300000, 0x0000000749400000, 0x0000000749400000|100%| S|CS|TAMS 0x0000000749300000, 0x0000000749300000| Complete 
| 114|0x0000000749400000, 0x0000000749500000, 0x0000000749500000|100%| S|CS|TAMS 0x0000000749400000, 0x0000000749400000| Complete 
| 115|0x0000000749500000, 0x0000000749600000, 0x0000000749600000|100%| S|CS|TAMS 0x0000000749500000, 0x0000000749500000| Complete 
| 116|0x0000000749600000, 0x0000000749700000, 0x0000000749700000|100%| S|CS|TAMS 0x0000000749600000, 0x0000000749600000| Complete 
| 117|0x0000000749700000, 0x0000000749800000, 0x0000000749800000|100%| S|CS|TAMS 0x0000000749700000, 0x0000000749700000| Complete 
| 118|0x0000000749800000, 0x0000000749900000, 0x0000000749900000|100%| S|CS|TAMS 0x0000000749800000, 0x0000000749800000| Complete 
| 119|0x0000000749900000, 0x0000000749a00000, 0x0000000749a00000|100%| S|CS|TAMS 0x0000000749900000, 0x0000000749900000| Complete 
| 120|0x0000000749a00000, 0x0000000749a00000, 0x0000000749b00000|  0%| F|  |TAMS 0x0000000749a00000, 0x0000000749a00000| Untracked 
| 121|0x0000000749b00000, 0x0000000749b00000, 0x0000000749c00000|  0%| F|  |TAMS 0x0000000749b00000, 0x0000000749b00000| Untracked 
| 122|0x0000000749c00000, 0x0000000749c00000, 0x0000000749d00000|  0%| F|  |TAMS 0x0000000749c00000, 0x0000000749c00000| Untracked 
| 123|0x0000000749d00000, 0x0000000749d00000, 0x0000000749e00000|  0%| F|  |TAMS 0x0000000749d00000, 0x0000000749d00000| Untracked 
| 124|0x0000000749e00000, 0x0000000749e00000, 0x0000000749f00000|  0%| F|  |TAMS 0x0000000749e00000, 0x0000000749e00000| Untracked 
| 125|0x0000000749f00000, 0x0000000749f00000, 0x000000074a000000|  0%| F|  |TAMS 0x0000000749f00000, 0x0000000749f00000| Untracked 
| 126|0x000000074a000000, 0x000000074a000000, 0x000000074a100000|  0%| F|  |TAMS 0x000000074a000000, 0x000000074a000000| Untracked 
| 127|0x000000074a100000, 0x000000074a100000, 0x000000074a200000|  0%| F|  |TAMS 0x000000074a100000, 0x000000074a100000| Untracked 
| 128|0x000000074a200000, 0x000000074a200000, 0x000000074a300000|  0%| F|  |TAMS 0x000000074a200000, 0x000000074a200000| Untracked 
| 129|0x000000074a300000, 0x000000074a300000, 0x000000074a400000|  0%| F|  |TAMS 0x000000074a300000, 0x000000074a300000| Untracked 
| 130|0x000000074a400000, 0x000000074a400000, 0x000000074a500000|  0%| F|  |TAMS 0x000000074a400000, 0x000000074a400000| Untracked 
| 131|0x000000074a500000, 0x000000074a500000, 0x000000074a600000|  0%| F|  |TAMS 0x000000074a500000, 0x000000074a500000| Untracked 
| 132|0x000000074a600000, 0x000000074a600000, 0x000000074a700000|  0%| F|  |TAMS 0x000000074a600000, 0x000000074a600000| Untracked 
| 133|0x000000074a700000, 0x000000074a700000, 0x000000074a800000|  0%| F|  |TAMS 0x000000074a700000, 0x000000074a700000| Untracked 
| 134|0x000000074a800000, 0x000000074a800000, 0x000000074a900000|  0%| F|  |TAMS 0x000000074a800000, 0x000000074a800000| Untracked 
| 135|0x000000074a900000, 0x000000074a900000, 0x000000074aa00000|  0%| F|  |TAMS 0x000000074a900000, 0x000000074a900000| Untracked 
| 136|0x000000074aa00000, 0x000000074aa00000, 0x000000074ab00000|  0%| F|  |TAMS 0x000000074aa00000, 0x000000074aa00000| Untracked 
| 137|0x000000074ab00000, 0x000000074ab00000, 0x000000074ac00000|  0%| F|  |TAMS 0x000000074ab00000, 0x000000074ab00000| Untracked 
| 138|0x000000074ac00000, 0x000000074ac00000, 0x000000074ad00000|  0%| F|  |TAMS 0x000000074ac00000, 0x000000074ac00000| Untracked 
| 139|0x000000074ad00000, 0x000000074ad00000, 0x000000074ae00000|  0%| F|  |TAMS 0x000000074ad00000, 0x000000074ad00000| Untracked 
| 140|0x000000074ae00000, 0x000000074ae00000, 0x000000074af00000|  0%| F|  |TAMS 0x000000074ae00000, 0x000000074ae00000| Untracked 
| 141|0x000000074af00000, 0x000000074af00000, 0x000000074b000000|  0%| F|  |TAMS 0x000000074af00000, 0x000000074af00000| Untracked 
| 142|0x000000074b000000, 0x000000074b000000, 0x000000074b100000|  0%| F|  |TAMS 0x000000074b000000, 0x000000074b000000| Untracked 
| 143|0x000000074b100000, 0x000000074b100000, 0x000000074b200000|  0%| F|  |TAMS 0x000000074b100000, 0x000000074b100000| Untracked 
| 144|0x000000074b200000, 0x000000074b200000, 0x000000074b300000|  0%| F|  |TAMS 0x000000074b200000, 0x000000074b200000| Untracked 
| 145|0x000000074b300000, 0x000000074b300000, 0x000000074b400000|  0%| F|  |TAMS 0x000000074b300000, 0x000000074b300000| Untracked 
| 146|0x000000074b400000, 0x000000074b400000, 0x000000074b500000|  0%| F|  |TAMS 0x000000074b400000, 0x000000074b400000| Untracked 
| 147|0x000000074b500000, 0x000000074b500000, 0x000000074b600000|  0%| F|  |TAMS 0x000000074b500000, 0x000000074b500000| Untracked 
| 148|0x000000074b600000, 0x000000074b600000, 0x000000074b700000|  0%| F|  |TAMS 0x000000074b600000, 0x000000074b600000| Untracked 
| 149|0x000000074b700000, 0x000000074b700000, 0x000000074b800000|  0%| F|  |TAMS 0x000000074b700000, 0x000000074b700000| Untracked 
| 150|0x000000074b800000, 0x000000074b800000, 0x000000074b900000|  0%| F|  |TAMS 0x000000074b800000, 0x000000074b800000| Untracked 
| 151|0x000000074b900000, 0x000000074b900000, 0x000000074ba00000|  0%| F|  |TAMS 0x000000074b900000, 0x000000074b900000| Untracked 
| 152|0x000000074ba00000, 0x000000074ba00000, 0x000000074bb00000|  0%| F|  |TAMS 0x000000074ba00000, 0x000000074ba00000| Untracked 
| 153|0x000000074bb00000, 0x000000074bb00000, 0x000000074bc00000|  0%| F|  |TAMS 0x000000074bb00000, 0x000000074bb00000| Untracked 
| 154|0x000000074bc00000, 0x000000074bc00000, 0x000000074bd00000|  0%| F|  |TAMS 0x000000074bc00000, 0x000000074bc00000| Untracked 
| 155|0x000000074bd00000, 0x000000074bd00000, 0x000000074be00000|  0%| F|  |TAMS 0x000000074bd00000, 0x000000074bd00000| Untracked 
| 156|0x000000074be00000, 0x000000074be00000, 0x000000074bf00000|  0%| F|  |TAMS 0x000000074be00000, 0x000000074be00000| Untracked 
| 157|0x000000074bf00000, 0x000000074bf00000, 0x000000074c000000|  0%| F|  |TAMS 0x000000074bf00000, 0x000000074bf00000| Untracked 
| 158|0x000000074c000000, 0x000000074c000000, 0x000000074c100000|  0%| F|  |TAMS 0x000000074c000000, 0x000000074c000000| Untracked 
| 159|0x000000074c100000, 0x000000074c100000, 0x000000074c200000|  0%| F|  |TAMS 0x000000074c100000, 0x000000074c100000| Untracked 
| 160|0x000000074c200000, 0x000000074c200000, 0x000000074c300000|  0%| F|  |TAMS 0x000000074c200000, 0x000000074c200000| Untracked 
| 161|0x000000074c300000, 0x000000074c300000, 0x000000074c400000|  0%| F|  |TAMS 0x000000074c300000, 0x000000074c300000| Untracked 
| 162|0x000000074c400000, 0x000000074c400000, 0x000000074c500000|  0%| F|  |TAMS 0x000000074c400000, 0x000000074c400000| Untracked 
| 163|0x000000074c500000, 0x000000074c500000, 0x000000074c600000|  0%| F|  |TAMS 0x000000074c500000, 0x000000074c500000| Untracked 
| 164|0x000000074c600000, 0x000000074c600000, 0x000000074c700000|  0%| F|  |TAMS 0x000000074c600000, 0x000000074c600000| Untracked 
| 165|0x000000074c700000, 0x000000074c700000, 0x000000074c800000|  0%| F|  |TAMS 0x000000074c700000, 0x000000074c700000| Untracked 
| 166|0x000000074c800000, 0x000000074c800000, 0x000000074c900000|  0%| F|  |TAMS 0x000000074c800000, 0x000000074c800000| Untracked 
| 167|0x000000074c900000, 0x000000074c900000, 0x000000074ca00000|  0%| F|  |TAMS 0x000000074c900000, 0x000000074c900000| Untracked 
| 168|0x000000074ca00000, 0x000000074ca00000, 0x000000074cb00000|  0%| F|  |TAMS 0x000000074ca00000, 0x000000074ca00000| Untracked 
| 169|0x000000074cb00000, 0x000000074cb00000, 0x000000074cc00000|  0%| F|  |TAMS 0x000000074cb00000, 0x000000074cb00000| Untracked 
| 170|0x000000074cc00000, 0x000000074cc00000, 0x000000074cd00000|  0%| F|  |TAMS 0x000000074cc00000, 0x000000074cc00000| Untracked 
| 171|0x000000074cd00000, 0x000000074cd00000, 0x000000074ce00000|  0%| F|  |TAMS 0x000000074cd00000, 0x000000074cd00000| Untracked 
| 172|0x000000074ce00000, 0x000000074ce00000, 0x000000074cf00000|  0%| F|  |TAMS 0x000000074ce00000, 0x000000074ce00000| Untracked 
| 173|0x000000074cf00000, 0x000000074cf00000, 0x000000074d000000|  0%| F|  |TAMS 0x000000074cf00000, 0x000000074cf00000| Untracked 
| 174|0x000000074d000000, 0x000000074d000000, 0x000000074d100000|  0%| F|  |TAMS 0x000000074d000000, 0x000000074d000000| Untracked 
| 175|0x000000074d100000, 0x000000074d100000, 0x000000074d200000|  0%| F|  |TAMS 0x000000074d100000, 0x000000074d100000| Untracked 
| 176|0x000000074d200000, 0x000000074d200000, 0x000000074d300000|  0%| F|  |TAMS 0x000000074d200000, 0x000000074d200000| Untracked 
| 177|0x000000074d300000, 0x000000074d300000, 0x000000074d400000|  0%| F|  |TAMS 0x000000074d300000, 0x000000074d300000| Untracked 
| 178|0x000000074d400000, 0x000000074d400000, 0x000000074d500000|  0%| F|  |TAMS 0x000000074d400000, 0x000000074d400000| Untracked 
| 179|0x000000074d500000, 0x000000074d500000, 0x000000074d600000|  0%| F|  |TAMS 0x000000074d500000, 0x000000074d500000| Untracked 
| 180|0x000000074d600000, 0x000000074d600000, 0x000000074d700000|  0%| F|  |TAMS 0x000000074d600000, 0x000000074d600000| Untracked 
| 181|0x000000074d700000, 0x000000074d700000, 0x000000074d800000|  0%| F|  |TAMS 0x000000074d700000, 0x000000074d700000| Untracked 
| 182|0x000000074d800000, 0x000000074d800000, 0x000000074d900000|  0%| F|  |TAMS 0x000000074d800000, 0x000000074d800000| Untracked 
| 183|0x000000074d900000, 0x000000074d900000, 0x000000074da00000|  0%| F|  |TAMS 0x000000074d900000, 0x000000074d900000| Untracked 
| 184|0x000000074da00000, 0x000000074da00000, 0x000000074db00000|  0%| F|  |TAMS 0x000000074da00000, 0x000000074da00000| Untracked 
| 185|0x000000074db00000, 0x000000074db00000, 0x000000074dc00000|  0%| F|  |TAMS 0x000000074db00000, 0x000000074db00000| Untracked 
| 186|0x000000074dc00000, 0x000000074dc00000, 0x000000074dd00000|  0%| F|  |TAMS 0x000000074dc00000, 0x000000074dc00000| Untracked 
| 187|0x000000074dd00000, 0x000000074dd00000, 0x000000074de00000|  0%| F|  |TAMS 0x000000074dd00000, 0x000000074dd00000| Untracked 
| 188|0x000000074de00000, 0x000000074de00000, 0x000000074df00000|  0%| F|  |TAMS 0x000000074de00000, 0x000000074de00000| Untracked 
| 189|0x000000074df00000, 0x000000074df00000, 0x000000074e000000|  0%| F|  |TAMS 0x000000074df00000, 0x000000074df00000| Untracked 
| 190|0x000000074e000000, 0x000000074e000000, 0x000000074e100000|  0%| F|  |TAMS 0x000000074e000000, 0x000000074e000000| Untracked 
| 191|0x000000074e100000, 0x000000074e100000, 0x000000074e200000|  0%| F|  |TAMS 0x000000074e100000, 0x000000074e100000| Untracked 
| 192|0x000000074e200000, 0x000000074e200000, 0x000000074e300000|  0%| F|  |TAMS 0x000000074e200000, 0x000000074e200000| Untracked 
| 193|0x000000074e300000, 0x000000074e380800, 0x000000074e400000| 50%| E|  |TAMS 0x000000074e300000, 0x000000074e300000| Complete 
| 194|0x000000074e400000, 0x000000074e500000, 0x000000074e500000|100%| E|CS|TAMS 0x000000074e400000, 0x000000074e400000| Complete 
| 195|0x000000074e500000, 0x000000074e600000, 0x000000074e600000|100%| E|CS|TAMS 0x000000074e500000, 0x000000074e500000| Complete 
| 196|0x000000074e600000, 0x000000074e700000, 0x000000074e700000|100%| E|CS|TAMS 0x000000074e600000, 0x000000074e600000| Complete 
| 197|0x000000074e700000, 0x000000074e800000, 0x000000074e800000|100%| E|CS|TAMS 0x000000074e700000, 0x000000074e700000| Complete 
| 198|0x000000074e800000, 0x000000074e900000, 0x000000074e900000|100%| E|CS|TAMS 0x000000074e800000, 0x000000074e800000| Complete 
| 199|0x000000074e900000, 0x000000074ea00000, 0x000000074ea00000|100%| E|CS|TAMS 0x000000074e900000, 0x000000074e900000| Complete 
| 200|0x000000074ea00000, 0x000000074eb00000, 0x000000074eb00000|100%| E|CS|TAMS 0x000000074ea00000, 0x000000074ea00000| Complete 
| 201|0x000000074eb00000, 0x000000074ec00000, 0x000000074ec00000|100%| E|CS|TAMS 0x000000074eb00000, 0x000000074eb00000| Complete 
| 202|0x000000074ec00000, 0x000000074ed00000, 0x000000074ed00000|100%| E|CS|TAMS 0x000000074ec00000, 0x000000074ec00000| Complete 
| 203|0x000000074ed00000, 0x000000074ee00000, 0x000000074ee00000|100%| E|CS|TAMS 0x000000074ed00000, 0x000000074ed00000| Complete 
| 204|0x000000074ee00000, 0x000000074ef00000, 0x000000074ef00000|100%| E|CS|TAMS 0x000000074ee00000, 0x000000074ee00000| Complete 
| 205|0x000000074ef00000, 0x000000074f000000, 0x000000074f000000|100%| E|CS|TAMS 0x000000074ef00000, 0x000000074ef00000| Complete 
| 206|0x000000074f000000, 0x000000074f100000, 0x000000074f100000|100%| E|CS|TAMS 0x000000074f000000, 0x000000074f000000| Complete 
| 207|0x000000074f100000, 0x000000074f200000, 0x000000074f200000|100%| E|CS|TAMS 0x000000074f100000, 0x000000074f100000| Complete 
| 208|0x000000074f200000, 0x000000074f300000, 0x000000074f300000|100%| E|CS|TAMS 0x000000074f200000, 0x000000074f200000| Complete 
| 209|0x000000074f300000, 0x000000074f400000, 0x000000074f400000|100%| E|CS|TAMS 0x000000074f300000, 0x000000074f300000| Complete 
| 210|0x000000074f400000, 0x000000074f500000, 0x000000074f500000|100%| E|CS|TAMS 0x000000074f400000, 0x000000074f400000| Complete 
| 211|0x000000074f500000, 0x000000074f600000, 0x000000074f600000|100%| E|CS|TAMS 0x000000074f500000, 0x000000074f500000| Complete 
| 212|0x000000074f600000, 0x000000074f700000, 0x000000074f700000|100%| E|CS|TAMS 0x000000074f600000, 0x000000074f600000| Complete 
| 213|0x000000074f700000, 0x000000074f800000, 0x000000074f800000|100%| E|CS|TAMS 0x000000074f700000, 0x000000074f700000| Complete 
| 214|0x000000074f800000, 0x000000074f900000, 0x000000074f900000|100%| E|CS|TAMS 0x000000074f800000, 0x000000074f800000| Complete 
| 215|0x000000074f900000, 0x000000074fa00000, 0x000000074fa00000|100%| E|CS|TAMS 0x000000074f900000, 0x000000074f900000| Complete 
| 216|0x000000074fa00000, 0x000000074fb00000, 0x000000074fb00000|100%| E|CS|TAMS 0x000000074fa00000, 0x000000074fa00000| Complete 
| 217|0x000000074fb00000, 0x000000074fc00000, 0x000000074fc00000|100%| E|CS|TAMS 0x000000074fb00000, 0x000000074fb00000| Complete 
| 218|0x000000074fc00000, 0x000000074fd00000, 0x000000074fd00000|100%| E|CS|TAMS 0x000000074fc00000, 0x000000074fc00000| Complete 
| 219|0x000000074fd00000, 0x000000074fe00000, 0x000000074fe00000|100%| E|CS|TAMS 0x000000074fd00000, 0x000000074fd00000| Complete 
| 220|0x000000074fe00000, 0x000000074ff00000, 0x000000074ff00000|100%| E|CS|TAMS 0x000000074fe00000, 0x000000074fe00000| Complete 
| 221|0x000000074ff00000, 0x0000000750000000, 0x0000000750000000|100%| E|CS|TAMS 0x000000074ff00000, 0x000000074ff00000| Complete 
| 222|0x0000000750000000, 0x0000000750100000, 0x0000000750100000|100%| E|CS|TAMS 0x0000000750000000, 0x0000000750000000| Complete 
| 223|0x0000000750100000, 0x0000000750200000, 0x0000000750200000|100%| E|CS|TAMS 0x0000000750100000, 0x0000000750100000| Complete 
| 224|0x0000000750200000, 0x0000000750300000, 0x0000000750300000|100%| E|  |TAMS 0x0000000750200000, 0x0000000750200000| Complete 
| 225|0x0000000750300000, 0x0000000750400000, 0x0000000750400000|100%| E|CS|TAMS 0x0000000750300000, 0x0000000750300000| Complete 
| 226|0x0000000750400000, 0x0000000750500000, 0x0000000750500000|100%| E|CS|TAMS 0x0000000750400000, 0x0000000750400000| Complete 
| 227|0x0000000750500000, 0x0000000750600000, 0x0000000750600000|100%| E|CS|TAMS 0x0000000750500000, 0x0000000750500000| Complete 

Card table byte_map: [0x000001ba9c790000,0x000001ba9cd80000] _byte_map_base: 0x000001ba98d7f000

Marking Bits (Prev, Next): (CMBitMap*) 0x000001ba890ac230, (CMBitMap*) 0x000001ba890ac1f8
 Prev Bits: [0x000001baa02f0000, 0x000001baa3268000)
 Next Bits: [0x000001ba9d370000, 0x000001baa02e8000)

Polling page: 0x000001ba87810000

Metaspace:

Usage:
  Non-class:     79.25 MB capacity,    78.74 MB (>99%) used,   381.45 KB ( <1%) free+waste,   144.50 KB ( <1%) overhead. 
      Class:      9.96 MB capacity,     9.58 MB ( 96%) used,   329.65 KB (  3%) free+waste,    60.25 KB ( <1%) overhead. 
       Both:     89.21 MB capacity,    88.32 MB ( 99%) used,   711.10 KB ( <1%) free+waste,   204.75 KB ( <1%) overhead. 

Virtual space:
  Non-class space:       80.00 MB reserved,      79.30 MB (>99%) committed 
      Class space:        1.00 GB reserved,      10.02 MB ( <1%) committed 
             Both:        1.08 GB reserved,      89.33 MB (  8%) committed 

Chunk freelists:
   Non-Class:  51.00 KB
       Class:  10.00 KB
        Both:  61.00 KB

MaxMetaspaceSize: 17179869184.00 GB
CompressedClassSpaceSize: 1.00 GB
Initial GC threshold: 20.80 MB
Current GC threshold: 98.88 MB
CDS: off

CodeHeap 'non-profiled nmethods': size=120064Kb used=6686Kb max_used=6686Kb free=113377Kb
 bounds [0x000001ba94640000, 0x000001ba94cd0000, 0x000001ba9bb80000]
CodeHeap 'profiled nmethods': size=120000Kb used=42526Kb max_used=42526Kb free=77473Kb
 bounds [0x000001ba8d110000, 0x000001ba8faa0000, 0x000001ba94640000]
CodeHeap 'non-nmethods': size=5696Kb used=1412Kb max_used=1459Kb free=4283Kb
 bounds [0x000001ba8cb80000, 0x000001ba8cdf0000, 0x000001ba8d110000]
 total_blobs=13717 nmethods=12999 adapters=625
 compilation: enabled
              stopped_count=0, restarted_count=0
 full_count=0

Compilation events (20 events):
Event: 27.928 Thread 0x000001baa616e800 13046       1       kotlin.sequences.MergingSequence::access$getTransform$p (5 bytes)
Event: 27.928 Thread 0x000001baa616e800 nmethod 13046 0x000001ba94cc6c90 code [0x000001ba94cc6e40, 0x000001ba94cc6ed8]
Event: 27.928 Thread 0x000001baa616e800 13047       3       org.jetbrains.org.objectweb.asm.tree.InsnList::iterator (5 bytes)
Event: 27.928 Thread 0x000001baa616e800 nmethod 13047 0x000001ba8fa8a090 code [0x000001ba8fa8a260, 0x000001ba8fa8a4c8]
Event: 27.929 Thread 0x000001baa616e800 13048       3       gnu.trove.TIntIntHashMap::get (21 bytes)
Event: 27.929 Thread 0x000001baa616e800 nmethod 13048 0x000001ba8fa8a610 code [0x000001ba8fa8a7e0, 0x000001ba8fa8aa28]
Event: 27.931 Thread 0x000001baa616e800 13050       3       org.jetbrains.org.objectweb.asm.MethodWriter::visitLabel (328 bytes)
Event: 27.932 Thread 0x000001baa616e800 nmethod 13050 0x000001ba8fa8ab10 code [0x000001ba8fa8ada0, 0x000001ba8fa8c008]
Event: 27.933 Thread 0x000001baa616e800 13051       3       org.jetbrains.kotlin.backend.jvm.mapping.MethodSignatureMapper$suppressWildcardsMode$1::invoke (9 bytes)
Event: 27.933 Thread 0x000001baa616e800 nmethod 13051 0x000001ba8fa8c390 code [0x000001ba8fa8c560, 0x000001ba8fa8c7a8]
Event: 27.941 Thread 0x000001baa616e800 13052       3       org.jetbrains.kotlin.backend.jvm.codegen.ExpressionCodegen::gen (48 bytes)
Event: 27.944 Thread 0x000001baa616e800 nmethod 13052 0x000001ba8fa8c890 code [0x000001ba8fa8cdc0, 0x000001ba8fa8f2b8]
Event: 27.945 Thread 0x000001baa616e800 13053       3       org.jetbrains.org.objectweb.asm.tree.FieldInsnNode::accept (26 bytes)
Event: 27.945 Thread 0x000001baa616e800 nmethod 13053 0x000001ba8fa8ff10 code [0x000001ba8fa900e0, 0x000001ba8fa90318]
Event: 27.945 Thread 0x000001baa616e800 13054       3       org.jetbrains.kotlin.codegen.optimization.common.InsnSequence::<init> (22 bytes)
Event: 27.946 Thread 0x000001baa616e800 nmethod 13054 0x000001ba8fa90410 code [0x000001ba8fa906e0, 0x000001ba8fa91328]
Event: 27.947 Thread 0x000001baa616e800 13055       3       org.jetbrains.kotlin.codegen.optimization.common.ControlFlowGraph$Builder::visitOpInsn (9 bytes)
Event: 27.947 Thread 0x000001baa616e800 nmethod 13055 0x000001ba8fa91790 code [0x000001ba8fa91960, 0x000001ba8fa91b78]
Event: 27.948 Thread 0x000001baa616e800 13056       3       org.jetbrains.org.objectweb.asm.SymbolTable::addType (81 bytes)
Event: 27.949 Thread 0x000001baa616e800 nmethod 13056 0x000001ba8fa91d10 code [0x000001ba8fa91f40, 0x000001ba8fa92538]

GC Heap History (18 events):
Event: 0.849 GC heap before
{Heap before GC invocations=0 (full 0):
 garbage-first heap   total 194560K, used 18432K [0x0000000742200000, 0x0000000800000000)
  region size 1024K, 14 young (14336K), 0 survivors (0K)
 Metaspace       used 9890K, capacity 9970K, committed 10112K, reserved 1058816K
  class space    used 825K, capacity 853K, committed 896K, reserved 1048576K
}
Event: 0.853 GC heap after
{Heap after GC invocations=1 (full 0):
 garbage-first heap   total 194560K, used 6276K [0x0000000742200000, 0x0000000800000000)
  region size 1024K, 2 young (2048K), 2 survivors (2048K)
 Metaspace       used 9890K, capacity 9970K, committed 10112K, reserved 1058816K
  class space    used 825K, capacity 853K, committed 896K, reserved 1048576K
}
Event: 2.476 GC heap before
{Heap before GC invocations=1 (full 0):
 garbage-first heap   total 194560K, used 52356K [0x0000000742200000, 0x0000000800000000)
  region size 1024K, 48 young (49152K), 2 survivors (2048K)
 Metaspace       used 20894K, capacity 21091K, committed 21296K, reserved 1069056K
  class space    used 2204K, capacity 2310K, committed 2432K, reserved 1048576K
}
Event: 2.488 GC heap after
{Heap after GC invocations=2 (full 0):
 garbage-first heap   total 194560K, used 11077K [0x0000000742200000, 0x0000000800000000)
  region size 1024K, 7 young (7168K), 7 survivors (7168K)
 Metaspace       used 20894K, capacity 21091K, committed 21296K, reserved 1069056K
  class space    used 2204K, capacity 2310K, committed 2432K, reserved 1048576K
}
Event: 4.729 GC heap before
{Heap before GC invocations=3 (full 0):
 garbage-first heap   total 194560K, used 63301K [0x0000000742200000, 0x0000000800000000)
  region size 1024K, 52 young (53248K), 7 survivors (7168K)
 Metaspace       used 32328K, capacity 32793K, committed 32944K, reserved 1079296K
  class space    used 3845K, capacity 4037K, committed 4096K, reserved 1048576K
}
Event: 4.747 GC heap after
{Heap after GC invocations=4 (full 0):
 garbage-first heap   total 194560K, used 22513K [0x0000000742200000, 0x0000000800000000)
  region size 1024K, 6 young (6144K), 6 survivors (6144K)
 Metaspace       used 32328K, capacity 32793K, committed 32944K, reserved 1079296K
  class space    used 3845K, capacity 4037K, committed 4096K, reserved 1048576K
}
Event: 5.491 GC heap before
{Heap before GC invocations=4 (full 0):
 garbage-first heap   total 194560K, used 36849K [0x0000000742200000, 0x0000000800000000)
  region size 1024K, 21 young (21504K), 6 survivors (6144K)
 Metaspace       used 35383K, capacity 35843K, committed 35920K, reserved 1081344K
  class space    used 4394K, capacity 4583K, committed 4608K, reserved 1048576K
}
Event: 5.502 GC heap after
{Heap after GC invocations=5 (full 0):
 garbage-first heap   total 194560K, used 24576K [0x0000000742200000, 0x0000000800000000)
  region size 1024K, 2 young (2048K), 2 survivors (2048K)
 Metaspace       used 35383K, capacity 35843K, committed 35920K, reserved 1081344K
  class space    used 4394K, capacity 4583K, committed 4608K, reserved 1048576K
}
Event: 7.675 GC heap before
{Heap before GC invocations=6 (full 0):
 garbage-first heap   total 194560K, used 83968K [0x0000000742200000, 0x0000000800000000)
  region size 1024K, 60 young (61440K), 2 survivors (2048K)
 Metaspace       used 47374K, capacity 47925K, committed 48284K, reserved 1091584K
  class space    used 5600K, capacity 5854K, committed 5964K, reserved 1048576K
}
Event: 7.692 GC heap after
{Heap after GC invocations=7 (full 0):
 garbage-first heap   total 194560K, used 29111K [0x0000000742200000, 0x0000000800000000)
  region size 1024K, 8 young (8192K), 8 survivors (8192K)
 Metaspace       used 47374K, capacity 47925K, committed 48284K, reserved 1091584K
  class space    used 5600K, capacity 5854K, committed 5964K, reserved 1048576K
}
Event: 10.481 GC heap before
{Heap before GC invocations=7 (full 0):
 garbage-first heap   total 194560K, used 104887K [0x0000000742200000, 0x0000000800000000)
  region size 1024K, 79 young (80896K), 8 survivors (8192K)
 Metaspace       used 54570K, capacity 55188K, committed 55324K, reserved 1097728K
  class space    used 6326K, capacity 6577K, committed 6604K, reserved 1048576K
}
Event: 10.510 GC heap after
{Heap after GC invocations=8 (full 0):
 garbage-first heap   total 194560K, used 39266K [0x0000000742200000, 0x0000000800000000)
  region size 1024K, 8 young (8192K), 8 survivors (8192K)
 Metaspace       used 54570K, capacity 55188K, committed 55324K, reserved 1097728K
  class space    used 6326K, capacity 6577K, committed 6604K, reserved 1048576K
}
Event: 13.915 GC heap before
{Heap before GC invocations=8 (full 0):
 garbage-first heap   total 194560K, used 106850K [0x0000000742200000, 0x0000000800000000)
  region size 1024K, 75 young (76800K), 8 survivors (8192K)
 Metaspace       used 59644K, capacity 60305K, committed 60420K, reserved 1103872K
  class space    used 6791K, capacity 7083K, committed 7116K, reserved 1048576K
}
Event: 13.944 GC heap after
{Heap after GC invocations=9 (full 0):
 garbage-first heap   total 233472K, used 49139K [0x0000000742200000, 0x0000000800000000)
  region size 1024K, 10 young (10240K), 10 survivors (10240K)
 Metaspace       used 59644K, capacity 60305K, committed 60420K, reserved 1103872K
  class space    used 6791K, capacity 7083K, committed 7116K, reserved 1048576K
}
Event: 21.505 GC heap before
{Heap before GC invocations=10 (full 0):
 garbage-first heap   total 233472K, used 138227K [0x0000000742200000, 0x0000000800000000)
  region size 1024K, 97 young (99328K), 10 survivors (10240K)
 Metaspace       used 73366K, capacity 74227K, committed 74576K, reserved 1116160K
  class space    used 8258K, capacity 8607K, committed 8728K, reserved 1048576K
}
Event: 21.536 GC heap after
{Heap after GC invocations=11 (full 0):
 garbage-first heap   total 233472K, used 57767K [0x0000000742200000, 0x0000000800000000)
  region size 1024K, 9 young (9216K), 9 survivors (9216K)
 Metaspace       used 73366K, capacity 74227K, committed 74576K, reserved 1116160K
  class space    used 8258K, capacity 8607K, committed 8728K, reserved 1048576K
}
Event: 26.484 GC heap before
{Heap before GC invocations=11 (full 0):
 garbage-first heap   total 233472K, used 159143K [0x0000000742200000, 0x0000000800000000)
  region size 1024K, 108 young (110592K), 9 survivors (9216K)
 Metaspace       used 86254K, capacity 87214K, committed 87504K, reserved 1126400K
  class space    used 9472K, capacity 9842K, committed 9880K, reserved 1048576K
}
Event: 26.519 GC heap after
{Heap after GC invocations=12 (full 0):
 garbage-first heap   total 233472K, used 68226K [0x0000000742200000, 0x0000000800000000)
  region size 1024K, 10 young (10240K), 10 survivors (10240K)
 Metaspace       used 86254K, capacity 87214K, committed 87504K, reserved 1126400K
  class space    used 9472K, capacity 9842K, committed 9880K, reserved 1048576K
}

Deoptimization events (20 events):
Event: 27.772 Thread 0x000001ba8905a800 Uncommon trap: trap_request=0xffffffde fr.pc=0x000001ba94b4507c relative=0x0000000000000ffc
Event: 27.772 Thread 0x000001ba8905a800 Uncommon trap: reason=class_check action=maybe_recompile pc=0x000001ba94b4507c method=org.jetbrains.kotlin.load.java.lazy.descriptors.LazyJavaScope.getContributedVariables(Lorg/jetbrains/kotlin/name/Name;Lorg/jetbrains/kotlin/incremental/components/Lookup
Event: 27.772 Thread 0x000001ba8905a800 DEOPT PACKING pc=0x000001ba94b4507c sp=0x00000032097fd210
Event: 27.773 Thread 0x000001ba8905a800 DEOPT UNPACKING pc=0x000001ba8cbca1af sp=0x00000032097fd1c8 mode 2
Event: 27.891 Thread 0x000001ba8905a800 Uncommon trap: trap_request=0xffffff6e fr.pc=0x000001ba94cba788 relative=0x0000000000004b08
Event: 27.892 Thread 0x000001ba8905a800 Uncommon trap: reason=speculate_class_check action=maybe_recompile pc=0x000001ba94cba788 method=org.jetbrains.kotlin.backend.jvm.JvmBackendContext.getLocalClassType(Lorg/jetbrains/kotlin/ir/declarations/IrAttributeContainer;)Lorg/jetbrains/org/objectweb/a
Event: 27.892 Thread 0x000001ba8905a800 DEOPT PACKING pc=0x000001ba94cba788 sp=0x00000032097fdb30
Event: 27.892 Thread 0x000001ba8905a800 DEOPT UNPACKING pc=0x000001ba8cbca1af sp=0x00000032097fd930 mode 2
Event: 27.892 Thread 0x000001ba8905a800 Uncommon trap: trap_request=0xffffff6e fr.pc=0x000001ba94cba788 relative=0x0000000000004b08
Event: 27.892 Thread 0x000001ba8905a800 Uncommon trap: reason=speculate_class_check action=maybe_recompile pc=0x000001ba94cba788 method=org.jetbrains.kotlin.backend.jvm.JvmBackendContext.getLocalClassType(Lorg/jetbrains/kotlin/ir/declarations/IrAttributeContainer;)Lorg/jetbrains/org/objectweb/a
Event: 27.895 Thread 0x000001ba8905a800 DEOPT PACKING pc=0x000001ba94cba788 sp=0x00000032097fd3e0
Event: 27.895 Thread 0x000001ba8905a800 DEOPT UNPACKING pc=0x000001ba8cbca1af sp=0x00000032097fd1e0 mode 2
Event: 27.896 Thread 0x000001ba8905a800 Uncommon trap: trap_request=0xffffff6e fr.pc=0x000001ba94cba788 relative=0x0000000000004b08
Event: 27.896 Thread 0x000001ba8905a800 Uncommon trap: reason=speculate_class_check action=maybe_recompile pc=0x000001ba94cba788 method=org.jetbrains.kotlin.backend.jvm.JvmBackendContext.getLocalClassType(Lorg/jetbrains/kotlin/ir/declarations/IrAttributeContainer;)Lorg/jetbrains/org/objectweb/a
Event: 27.896 Thread 0x000001ba8905a800 DEOPT PACKING pc=0x000001ba94cba788 sp=0x00000032097fd3e0
Event: 27.896 Thread 0x000001ba8905a800 DEOPT UNPACKING pc=0x000001ba8cbca1af sp=0x00000032097fd1e0 mode 2
Event: 27.896 Thread 0x000001ba8905a800 Uncommon trap: trap_request=0xffffff6e fr.pc=0x000001ba94cba788 relative=0x0000000000004b08
Event: 27.896 Thread 0x000001ba8905a800 Uncommon trap: reason=speculate_class_check action=maybe_recompile pc=0x000001ba94cba788 method=org.jetbrains.kotlin.backend.jvm.JvmBackendContext.getLocalClassType(Lorg/jetbrains/kotlin/ir/declarations/IrAttributeContainer;)Lorg/jetbrains/org/objectweb/a
Event: 27.896 Thread 0x000001ba8905a800 DEOPT PACKING pc=0x000001ba94cba788 sp=0x00000032097fcce0
Event: 27.896 Thread 0x000001ba8905a800 DEOPT UNPACKING pc=0x000001ba8cbca1af sp=0x00000032097fcae0 mode 2

Classes redefined (0 events):
No events

Internal exceptions (20 events):
Event: 16.669 Thread 0x000001ba8905a800 Exception <a 'java/lang/IncompatibleClassChangeError'{0x000000074ea34d10}: Found class java.lang.Object, but interface was expected> (0x000000074ea34d10) thrown at [./src/hotspot/share/interpreter/linkResolver.cpp, line 839]
Event: 16.797 Thread 0x000001ba8905a800 Exception <a 'java/lang/NoSuchMethodError'{0x000000074e72fdb0}: 'int java.lang.invoke.DirectMethodHandle$Holder.invokeInterface(java.lang.Object, java.lang.Object)'> (0x000000074e72fdb0) thrown at [./src/hotspot/share/interpreter/linkResolver.cpp, line 773]
Event: 17.007 Thread 0x000001ba8905a800 Exception <a 'java/lang/NoSuchMethodError'{0x000000074e6a4878}: 'java.lang.Object java.lang.invoke.DirectMethodHandle$Holder.invokeStatic(java.lang.Object, int, java.lang.Object, java.lang.Object)'> (0x000000074e6a4878) thrown at [./src/hotspot/share/interpreter/linkResolver.cpp, line 773]
Event: 17.084 Thread 0x000001ba8905a800 Exception <a 'java/lang/NoSuchMethodError'{0x000000074e59e5f0}: 'java.lang.Object java.lang.invoke.Invokers$Holder.linkToTargetMethod(java.lang.Object, java.lang.Object, java.lang.Object, java.lang.Object, java.lang.Object, java.lang.Object, java.lang.Object)'> (0x000000074e59e5f0) thrown at [./src/hotspot/share/interpreter/linkResolver.cpp, line 773]
Event: 17.716 Thread 0x000001ba8905a800 Implicit null exception at 0x000001ba94787af8 to 0x000001ba94787b8a
Event: 20.189 Thread 0x000001ba8905a800 Implicit null exception at 0x000001ba946a8875 to 0x000001ba946a8a64
Event: 20.189 Thread 0x000001ba8905a800 Implicit null exception at 0x000001ba946b2c2f to 0x000001ba946b2ca9
Event: 20.944 Thread 0x000001ba8905a800 Exception <a 'java/lang/NoSuchMethodError'{0x000000074bcb52d8}: 'java.lang.Object java.lang.invoke.DirectMethodHandle$Holder.invokeStaticInit(java.lang.Object, java.lang.Object, java.lang.Object, java.lang.Object)'> (0x000000074bcb52d8) thrown at [./src/hotspot/share/interpreter/linkResolver.cpp, line 773]
Event: 21.370 Thread 0x000001ba8905a800 Exception <a 'java/lang/NoSuchMethodError'{0x000000074b2b9130}: 'int java.lang.invoke.DirectMethodHandle$Holder.invokeStaticInit(java.lang.Object, java.lang.Object, java.lang.Object, java.lang.Object)'> (0x000000074b2b9130) thrown at [./src/hotspot/share/interpreter/linkResolver.cpp, line 773]
Event: 21.478 Thread 0x000001ba8905a800 Exception <a 'java/lang/NoSuchMethodError'{0x000000074af39138}: 'java.lang.Object java.lang.invoke.DirectMethodHandle$Holder.invokeStatic(java.lang.Object, java.lang.Object, java.lang.Object, int, int, java.lang.Object, java.lang.Object, java.lang.Object)'> (0x000000074af39138) thrown at [./src/hotspot/share/interpreter/linkResolver.cpp, line 773]
Event: 21.479 Thread 0x000001ba8905a800 Exception <a 'java/lang/NoSuchMethodError'{0x000000074af436b8}: 'java.lang.Object java.lang.invoke.DirectMethodHandle$Holder.invokeStatic(java.lang.Object, java.lang.Object, java.lang.Object, int, int)'> (0x000000074af436b8) thrown at [./src/hotspot/share/interpreter/linkResolver.cpp, line 773]
Event: 21.480 Thread 0x000001ba8905a800 Exception <a 'java/lang/NoSuchMethodError'{0x000000074af46e98}: 'java.lang.Object java.lang.invoke.DirectMethodHandle$Holder.invokeSpecial(java.lang.Object, java.lang.Object, java.lang.Object, java.lang.Object, int, int)'> (0x000000074af46e98) thrown at [./src/hotspot/share/interpreter/linkResolver.cpp, line 773]
Event: 21.480 Thread 0x000001ba8905a800 Exception <a 'java/lang/NoSuchMethodError'{0x000000074af49fa0}: 'java.lang.Object java.lang.invoke.Invokers$Holder.linkToTargetMethod(java.lang.Object, java.lang.Object, int, int, java.lang.Object)'> (0x000000074af49fa0) thrown at [./src/hotspot/share/interpreter/linkResolver.cpp, line 773]
Event: 21.495 Thread 0x000001ba8905a800 Exception <a 'java/lang/NoSuchMethodError'{0x000000074afa83f0}: 'java.lang.Object java.lang.invoke.DirectMethodHandle$Holder.invokeStatic(java.lang.Object, java.lang.Object, java.lang.Object, int, int, java.lang.Object, java.lang.Object)'> (0x000000074afa83f0) thrown at [./src/hotspot/share/interpreter/linkResolver.cpp, line 773]
Event: 21.495 Thread 0x000001ba8905a800 Exception <a 'java/lang/NoSuchMethodError'{0x000000074afac008}: 'java.lang.Object java.lang.invoke.DirectMethodHandle$Holder.invokeSpecial(java.lang.Object, java.lang.Object, java.lang.Object, java.lang.Object, int, int, java.lang.Object, java.lang.Object)'> (0x000000074afac008) thrown at [./src/hotspot/share/interpreter/linkResolver.cpp, line 773]
Event: 21.495 Thread 0x000001ba8905a800 Exception <a 'java/lang/NoSuchMethodError'{0x000000074afaf418}: 'java.lang.Object java.lang.invoke.Invokers$Holder.linkToTargetMethod(java.lang.Object, java.lang.Object, int, int, java.lang.Object, java.lang.Object, java.lang.Object)'> (0x000000074afaf418) thrown at [./src/hotspot/share/interpreter/linkResolver.cpp, line 773]
Event: 21.552 Thread 0x000001ba8905a800 Exception <a 'java/lang/NoSuchMethodError'{0x0000000750535c78}: 'java.lang.Object java.lang.invoke.DirectMethodHandle$Holder.invokeStatic(java.lang.Object, java.lang.Object, java.lang.Object, int, int, java.lang.Object, java.lang.Object, java.lang.Object, java.lang.Object)'> (0x0000000750535c78) thrown at [./src/hotspot/share/interpreter/linkResolver.cpp, line 773]
Event: 21.554 Thread 0x000001ba8905a800 Exception <a 'java/lang/NoSuchMethodError'{0x000000075053da70}: 'java.lang.Object java.lang.invoke.Invokers$Holder.linkToTargetMethod(java.lang.Object, java.lang.Object, int, int, java.lang.Object, java.lang.Object, java.lang.Object, java.lang.Object, java.lang.Object)'> (0x000000075053da70) thrown at [./src/hotspot/share/interpreter/linkResolver.cpp, line 773]
Event: 22.071 Thread 0x000001ba8905a800 Implicit null exception at 0x000001ba946b5bf4 to 0x000001ba946b5e24
Event: 23.702 Thread 0x000001ba8905a800 Implicit null exception at 0x000001ba94b5f266 to 0x000001ba94b5f2e8

Events (20 events):
Event: 27.860 loading class org/jetbrains/kotlin/codegen/coroutines/SpillableVariable
Event: 27.860 loading class org/jetbrains/kotlin/codegen/coroutines/SpillableVariable done
Event: 27.861 loading class org/jetbrains/kotlin/codegen/coroutines/CoroutineTransformerMethodVisitor$SpilledVariableAndField
Event: 27.861 loading class org/jetbrains/kotlin/codegen/coroutines/CoroutineTransformerMethodVisitor$SpilledVariableAndField done
Event: 27.863 loading class org/jetbrains/kotlin/codegen/coroutines/CoroutineTransformerMethodVisitor$dropSuspensionMarkers$1
Event: 27.863 loading class org/jetbrains/kotlin/codegen/coroutines/CoroutineTransformerMethodVisitor$dropSuspensionMarkers$1 done
Event: 27.863 loading class org/jetbrains/kotlin/codegen/coroutines/CoroutineTransformerMethodVisitor$dropUnboxInlineClassMarkers$1
Event: 27.863 loading class org/jetbrains/kotlin/codegen/coroutines/CoroutineTransformerMethodVisitor$dropUnboxInlineClassMarkers$1 done
Event: 27.864 loading class org/jetbrains/kotlin/codegen/coroutines/CoroutineTransformerMethodVisitor$dropUnboxInlineClassMarkers$2
Event: 27.864 loading class org/jetbrains/kotlin/codegen/coroutines/CoroutineTransformerMethodVisitor$dropUnboxInlineClassMarkers$2 done
Event: 27.878 loading class org/jetbrains/kotlin/codegen/optimization/ConstantConditionEliminationMethodTransformer$ConstantConditionsOptimization$collectRewriteActions$1$1
Event: 27.878 loading class org/jetbrains/kotlin/codegen/optimization/ConstantConditionEliminationMethodTransformer$ConstantConditionsOptimization$collectRewriteActions$1$1 done
Event: 27.898 loading class org/jetbrains/kotlin/load/kotlin/InlineClassMappingKt
Event: 27.898 loading class org/jetbrains/kotlin/load/kotlin/InlineClassMappingKt done
Event: 27.898 loading class org/jetbrains/kotlin/ir/types/IrTypeSubstitutor
Event: 27.898 loading class org/jetbrains/kotlin/ir/types/IrTypeSubstitutor done
Event: 27.899 loading class org/jetbrains/kotlin/ir/types/AbstractIrTypeSubstitutor
Event: 27.899 loading class org/jetbrains/kotlin/ir/types/AbstractIrTypeSubstitutor done
Event: 27.904 loading class org/jetbrains/kotlin/backend/jvm/intrinsics/BinaryOp$toCallable$1
Event: 27.904 loading class org/jetbrains/kotlin/backend/jvm/intrinsics/BinaryOp$toCallable$1 done


Dynamic libraries:
0x00007ff62cc80000 - 0x00007ff62cc8a000 	C:\Program Files\Android\Android Studio1\jre\bin\java.exe
0x00007fff34590000 - 0x00007fff34788000 	C:\WINDOWS\SYSTEM32\ntdll.dll
0x00007fff33ea0000 - 0x00007fff33f5f000 	C:\WINDOWS\System32\KERNEL32.DLL
0x00007fff31f00000 - 0x00007fff321d2000 	C:\WINDOWS\System32\KERNELBASE.dll
0x00007fff321e0000 - 0x00007fff322e0000 	C:\WINDOWS\System32\ucrtbase.dll
0x00007fff0b370000 - 0x00007fff0b389000 	C:\Program Files\Android\Android Studio1\jre\bin\jli.dll
0x00007fff0dbc0000 - 0x00007fff0dbd7000 	C:\Program Files\Android\Android Studio1\jre\bin\VCRUNTIME140.dll
0x00007fff33000000 - 0x00007fff3319d000 	C:\WINDOWS\System32\USER32.dll
0x00007fff31ed0000 - 0x00007fff31ef2000 	C:\WINDOWS\System32\win32u.dll
0x00007fff343e0000 - 0x00007fff3440b000 	C:\WINDOWS\System32\GDI32.dll
0x00007fff31d90000 - 0x00007fff31e9f000 	C:\WINDOWS\System32\gdi32full.dll
0x00007fff32540000 - 0x00007fff325dd000 	C:\WINDOWS\System32\msvcp_win.dll
0x00007fff22c60000 - 0x00007fff22efa000 	C:\WINDOWS\WinSxS\amd64_microsoft.windows.common-controls_6595b64144ccf1df_6.0.19041.1110_none_60b5254171f9507e\COMCTL32.dll
0x00007fff34340000 - 0x00007fff343de000 	C:\WINDOWS\System32\msvcrt.dll
0x00007fff34040000 - 0x00007fff34072000 	C:\WINDOWS\System32\IMM32.DLL
0x00007ffee7c80000 - 0x00007ffee7d1d000 	C:\Program Files\Android\Android Studio1\jre\bin\msvcp140.dll
0x00007ffee9b10000 - 0x00007ffeea612000 	C:\Program Files\Android\Android Studio1\jre\bin\server\jvm.dll
0x00007fff33230000 - 0x00007fff332de000 	C:\WINDOWS\System32\ADVAPI32.dll
0x00007fff32a00000 - 0x00007fff32a9c000 	C:\WINDOWS\System32\sechost.dll
0x00007fff34210000 - 0x00007fff34335000 	C:\WINDOWS\System32\RPCRT4.dll
0x00007fff32ff0000 - 0x00007fff32ff8000 	C:\WINDOWS\System32\PSAPI.DLL
0x00007fff2fc20000 - 0x00007fff2fc29000 	C:\WINDOWS\SYSTEM32\WSOCK32.dll
0x00007fff33d70000 - 0x00007fff33ddb000 	C:\WINDOWS\System32\WS2_32.dll
0x00007fff2f140000 - 0x00007fff2f167000 	C:\WINDOWS\SYSTEM32\WINMM.dll
0x00007fff2b350000 - 0x00007fff2b35a000 	C:\WINDOWS\SYSTEM32\VERSION.dll
0x00007fff30510000 - 0x00007fff30522000 	C:\WINDOWS\SYSTEM32\kernel.appcore.dll
0x00007fff10140000 - 0x00007fff10151000 	C:\Program Files\Android\Android Studio1\jre\bin\verify.dll
0x00007fff2f8c0000 - 0x00007fff2faa4000 	C:\WINDOWS\SYSTEM32\DBGHELP.DLL
0x00007fff1e630000 - 0x00007fff1e65c000 	C:\WINDOWS\SYSTEM32\dbgcore.DLL
0x00007fff31c90000 - 0x00007fff31d12000 	C:\WINDOWS\System32\bcryptPrimitives.dll
0x00007fff10110000 - 0x00007fff10139000 	C:\Program Files\Android\Android Studio1\jre\bin\java.dll
0x00007fff26fd0000 - 0x00007fff26fdb000 	C:\Program Files\Android\Android Studio1\jre\bin\jimage.dll
0x00007fff100f0000 - 0x00007fff10108000 	C:\Program Files\Android\Android Studio1\jre\bin\zip.dll
0x00007fff332e0000 - 0x00007fff33a23000 	C:\WINDOWS\System32\SHELL32.dll
0x00007fff2fd30000 - 0x00007fff304c2000 	C:\WINDOWS\SYSTEM32\windows.storage.dll
0x00007fff325e0000 - 0x00007fff32934000 	C:\WINDOWS\System32\combase.dll
0x00007fff316f0000 - 0x00007fff31720000 	C:\WINDOWS\SYSTEM32\Wldp.dll
0x00007fff33df0000 - 0x00007fff33e9d000 	C:\WINDOWS\System32\SHCORE.dll
0x00007fff329a0000 - 0x00007fff329f5000 	C:\WINDOWS\System32\shlwapi.dll
0x00007fff31bd0000 - 0x00007fff31bef000 	C:\WINDOWS\SYSTEM32\profapi.dll
0x00007fff100d0000 - 0x00007fff100ea000 	C:\Program Files\Android\Android Studio1\jre\bin\net.dll
0x00007fff216e0000 - 0x00007fff217ec000 	C:\WINDOWS\SYSTEM32\WINHTTP.dll
0x00007fff31450000 - 0x00007fff314ba000 	C:\WINDOWS\system32\mswsock.dll
0x00007fff0ea90000 - 0x00007fff0eaa4000 	C:\Program Files\Android\Android Studio1\jre\bin\nio.dll

dbghelp: loaded successfully - version: 4.0.5 - missing functions: none
symbol engine: initialized successfully - sym options: 0x614 - pdb path: .;C:\Program Files\Android\Android Studio1\jre\bin;C:\WINDOWS\SYSTEM32;C:\WINDOWS\WinSxS\amd64_microsoft.windows.common-controls_6595b64144ccf1df_6.0.19041.1110_none_60b5254171f9507e;C:\Program Files\Android\Android Studio1\jre\bin\server

VM Arguments:
java_command: org.jetbrains.kotlin.cli.jvm.K2JVMCompiler @E:\desktop\MyMCQ\MyMCQ\MyMCQ\app\build\20221209_3855816261552167951.compiler.options
java_class_path (initial): C:\Users\Leslin\.gradle\caches\modules-2\files-2.1\org.jetbrains.kotlin\kotlin-compiler-embeddable\1.7.20\8db18559a581dd2c36ddfd5046af145650f5b126\kotlin-compiler-embeddable-1.7.20.jar;C:\Users\Leslin\.gradle\caches\modules-2\files-2.1\org.jetbrains.kotlin\kotlin-reflect\1.7.20\12b2501e33bb6373e8e347c86d85481863629381\kotlin-reflect-1.7.20.jar;C:\Users\Leslin\.gradle\caches\modules-2\files-2.1\org.jetbrains.kotlin\kotlin-stdlib\1.7.20\726594ea9ba2beb2ee113647fefa9a10f9fabe52\kotlin-stdlib-1.7.20.jar;C:\Users\Leslin\.gradle\caches\modules-2\files-2.1\org.jetbrains.kotlin\kotlin-script-runtime\1.7.20\bcd1cc6f865e632550357fcc59f5ffd532615a8\kotlin-script-runtime-1.7.20.jar;C:\Users\Leslin\.gradle\caches\modules-2\files-2.1\org.jetbrains.kotlin\kotlin-daemon-embeddable\1.7.20\1e24355adad8d529d75d5b19eab55484057431ba\kotlin-daemon-embeddable-1.7.20.jar;C:\Users\Leslin\.gradle\caches\modules-2\files-2.1\org.jetbrains.intellij.deps\trove4j\1.0.20200330\3afb14d5f9ceb459d724e907a21145e8ff394f02\trove4j-1.0.20200330.jar;C:\Users\Leslin\.gradle\caches\modules-2\files-2.1\net.java.dev.jna\jna\5.6.0\330f2244e9030119ab3030fc3fededc86713d9cc\jna-5.6.0.jar;C:\Users\Leslin\.gradle\caches\modules-2\files-2.1\org.jetbrains.kotlin\kotlin-stdlib-common\1.7.20\e15351bdaf9fa06f009be5da7a202e4184f00ae3\kotlin-stdlib-common-1.7.20.jar;C:\Users\Leslin\.gradle\caches\modules-2\files-2.1\org.jetbrains\annotations\13.0\919f0dfe192fb4e063e7dacadee7f8bb9a2672a9\annotations-13.0.jar
Launcher Type: SUN_STANDARD

[Global flags]
     intx CICompilerCount                          = 3                                         {product} {ergonomic}
     uint ConcGCThreads                            = 1                                         {product} {ergonomic}
     uint G1ConcRefinementThreads                  = 4                                         {product} {ergonomic}
   size_t G1HeapRegionSize                         = 1048576                                   {product} {ergonomic}
    uintx GCDrainStackTargetSize                   = 64                                        {product} {ergonomic}
   size_t InitialHeapSize                          = 199229440                                 {product} {ergonomic}
   size_t MarkStackSize                            = 4194304                                   {product} {ergonomic}
   size_t MaxHeapSize                              = 3185573888                                {product} {ergonomic}
   size_t MaxNewSize                               = 1910505472                                {product} {ergonomic}
   size_t MinHeapDeltaBytes                        = 1048576                                   {product} {ergonomic}
    uintx NonNMethodCodeHeapSize                   = 5830732                                {pd product} {ergonomic}
    uintx NonProfiledCodeHeapSize                  = 122913754                              {pd product} {ergonomic}
    uintx ProfiledCodeHeapSize                     = 122913754                              {pd product} {ergonomic}
    uintx ReservedCodeCacheSize                    = 251658240                              {pd product} {ergonomic}
     bool SegmentedCodeCache                       = true                                      {product} {ergonomic}
     bool UseCompressedClassPointers               = true                                 {lp64_product} {ergonomic}
     bool UseCompressedOops                        = true                                 {lp64_product} {ergonomic}
     bool UseG1GC                                  = true                                      {product} {ergonomic}
     bool UseLargePagesIndividualAllocation        = false                                  {pd product} {ergonomic}

Logging:
Log output configuration:
 #0: stdout all=warning uptime,level,tags
 #1: stderr all=off uptime,level,tags

Environment Variables:
JAVA_HOME=C:\Program Files\Java\jdk1.8.0_291
PATH=C:\Program Files (x86)\Common Files\Oracle\Java\javapath;C:\WINDOWS\system32;C:\WINDOWS;C:\WINDOWS\System32\Wbem;C:\WINDOWS\System32\WindowsPowerShell\v1.0\;C:\WINDOWS\System32\OpenSSH\;C:\Program Files\Git\cmd;C:\ProgramData\chocolatey\bin;C:\Program Files\nodejs\;C:\Users\Leslin\AppData\Local\Android\Sdk;C:\Users\Leslin\AppData\Local\Android\Sdk\platform-tools;C:\Users\Leslin\AppData\Local\Android\Sdk\emulator;C:\Users\Leslin\AppData\Roaming\npm;C:\Program Files\Java\jdk1.8.0_291\bin;C:\Users\Leslin\AppData\Local\Android\Sdk\platform-tools;C:\Program Files\Java\jdk1.8.0_291;C:\Users\Leslin\AppData\Local\Microsoft\WindowsApps;C:\Users\Leslin\AppData\Local\Programs\Microsoft VS Code\bin;C:\Users\Leslin\AppData\Roaming\npm;C:\src\flutter\bin;
USERNAME=Leslin
OS=Windows_NT
PROCESSOR_IDENTIFIER=Intel64 Family 6 Model 78 Stepping 3, GenuineIntel



---------------  S Y S T E M  ---------------

OS: Windows 10 , 64 bit Build 19041 (10.0.19041.2251)
OS uptime: 16 days 4:26 hours

CPU:total 4 (initial active 4) (2 cores per cpu, 2 threads per core) family 6 model 78 stepping 3 microcode 0xcc, cmov, cx8, fxsr, mmx, sse, sse2, sse3, ssse3, sse4.1, sse4.2, popcnt, avx, avx2, aes, clmul, erms, 3dnowpref, lzcnt, ht, tsc, tscinvbit, bmi1, bmi2, adx, fma

Memory: 4k page, system-wide physical 12149M (1292M free)
TotalPageFile size 26291M (AvailPageFile size 3M)
current process WorkingSet (physical memory assigned to process): 439M, peak: 439M
current process commit charge ("private bytes"): 521M, peak: 521M

vm_info: OpenJDK 64-Bit Server VM (11.0.13+0-b1751.21-8125866) for windows-amd64 JRE (11.0.13+0-b1751.21-8125866), built on Feb  2 2022 03:00:22 by "builder" with MS VC++ 14.0 (VS2015)

END.
